16:30:38.199 [JavaFX Application Thread] DEBUG GameApplication      - Logger initialized
16:30:38.222 [JavaFX Application Thread] DEBUG MainWindow           - Creating a JavaFX scene
16:30:38.223 [JavaFX Application Thread] DEBUG MainWindow           - Target size > screen size
16:30:38.400 [JavaFX Application Thread] DEBUG MainWindow           - Target settings size: 1280.0 x 770.0
16:30:38.401 [JavaFX Application Thread] DEBUG MainWindow           - Scaled scene size:    1105.0 x 679.0
16:30:38.401 [JavaFX Application Thread] DEBUG MainWindow           - Scaled ratio: (0.86328125, 0.8818181818181818)
16:30:38.602 [JavaFX Application Thread] DEBUG GameApplication      - Starting FXGL
16:30:38.677 [FXGL Launcher Thread     ] INFO  Version              - FXGL-0.4.3
16:30:38.677 [FXGL Launcher Thread     ] INFO  Version              - Source code and latest versions at: https://github.com/AlmasB/FXGL
16:30:38.678 [FXGL Launcher Thread     ] INFO  Version              -              Join the FXGL chat at: https://gitter.im/AlmasB/FXGL
16:30:38.679 [FXGL Launcher Thread     ] DEBUG FXGL                 - Loading FXGL system data
16:30:38.686 [FXGL Launcher Thread     ] DEBUG IOTask               - Executing task: readDataTask(system/fxgl.bundle)
16:30:38.695 [FXGL Launcher Thread     ] DEBUG FS                   - Reading from: system\fxgl.bundle
16:30:38.710 [FXGL Launcher Thread     ] DEBUG IOTask               - Task succeeded: readDataTask(system/fxgl.bundle)
16:30:38.710 [FXGL Launcher Thread     ] DEBUG Bundle               - Logging bundle: FXGL
16:30:38.711 [FXGL Launcher Thread     ] DEBUG Bundle               - FXGL.offline.timer.version.check=2018-04-11T14:17:46.107913800
16:30:38.757 [FXGL Launcher Thread     ] DEBUG GameApplication      - FXGL started
16:30:38.758 [FXGL Launcher Thread     ] DEBUG GameApplication      - Logging game settings
Title: Pacman Super
Version: 0.0.3
Width: 1280
Height: 770
Fullscreen: false
Intro: false
Menus: true
Profiling: false
Single step:false
App Mode: DEVELOPER
Menu Key: ESCAPE
Stage Style: DECORATED
Scene Factory: class pacmansuper.game.GameMain$GameMenu
Dialog Factory: class com.almasb.fxgl.ui.FXGLDialogFactory
UI Factory: class com.almasb.fxgl.ui.FXGLUIFactory
Notification Service: class com.almasb.fxgl.gameplay.notification.XboxNotificationView
Exception Handler: class com.almasb.fxgl.app.FXGLExceptionHandler
16:30:38.759 [FXGL Launcher Thread     ] DEBUG GameApplication      - Configuring GameApplication
16:30:38.760 [FXGL Launcher Thread     ] DEBUG GameApplication      - Initializing state machine and application states
16:30:38.787 [FXGL Launcher Thread     ] DEBUG AssetLoader          - Loading from disk: /assets/ui/cursors/fxgl_default.png
16:30:38.814 [FXGL Launcher Thread     ] DEBUG AssetLoader          - Loading from disk: /assets/ui/cursors/fxgl_default.png
16:30:38.820 [FXGL Launcher Thread     ] DEBUG AssetLoader          - Loading from disk: /assets/ui/cursors/fxgl_default.png
16:30:38.832 [FXGL Launcher Thread     ] DEBUG AssetLoader          - Loading from disk: /assets/sounds/core/notification.wav
16:30:38.892 [FXGL Launcher Thread     ] DEBUG AssetLoader          - Loading from disk: /assets/sounds/menu/select.wav
16:30:38.895 [FXGL Launcher Thread     ] DEBUG AssetLoader          - Loading from disk: /assets/sounds/menu/back.wav
16:30:38.898 [FXGL Launcher Thread     ] DEBUG AssetLoader          - Loading from disk: /assets/sounds/menu/press.wav
16:30:38.901 [FXGL Launcher Thread     ] DEBUG AssetLoader          - Loading from disk: /assets/ui/fonts/VarelaRound-Regular.ttf
16:30:39.148 [FXGL Launcher Thread     ] DEBUG AssetLoader          - Loading from disk: /assets/ui/fonts/lucida_console.ttf
16:30:39.163 [FXGL Launcher Thread     ] DEBUG AssetLoader          - Loading from disk: /assets/ui/css/fxgl_dark.css
16:30:39.164 [FXGL Launcher Thread     ] DEBUG AssetLoader          - Loading from disk: /assets/ui/icons/fxgl_icon.png
16:30:39.194 [FXGL Launcher Thread     ] DEBUG AssetLoader          - Loading from disk: /assets/ui/cursors/fxgl_default.png
16:30:39.221 [FXGL Launcher Thread     ] DEBUG FXGL.GameScene       - Game scene initialized: 1280x770
16:30:39.226 [FXGL Launcher Thread     ] DEBUG FXGL.GameWorld       - Game world initialized
16:30:39.376 [FXGL Launcher Thread     ] DEBUG PhysicsWorld         - Physics world initialized: appHeight=770, physics.ppm=50,0
16:30:39.401 [FXGL Launcher Thread     ] DEBUG AssetLoader          - Loading from disk: /assets/ui/cursors/fxgl_default.png
16:30:39.403 [FXGL Launcher Thread     ] DEBUG AssetLoader          - Loading from disk: /assets/textures/MenuBackground.png
16:30:39.473 [FXGL Launcher Thread     ] DEBUG FXGL.Menu            - createMenuBodyMainMenu()
16:30:39.483 [FXGL Launcher Thread     ] DEBUG AssetLoader          - Loading from disk: /assets/properties/languages/english.properties
16:30:39.487 [FXGL Launcher Thread     ] DEBUG AssetLoader          - Loading from cache: /assets/properties/languages/english.properties
16:30:39.488 [FXGL Launcher Thread     ] DEBUG AssetLoader          - Loading from cache: /assets/properties/languages/english.properties
16:30:39.490 [FXGL Launcher Thread     ] DEBUG AssetLoader          - Loading from cache: /assets/properties/languages/english.properties
16:30:39.491 [FXGL Launcher Thread     ] DEBUG FXGL.Menu            - createOptionsMenu()
16:30:39.491 [FXGL Launcher Thread     ] DEBUG AssetLoader          - Loading from cache: /assets/properties/languages/english.properties
16:30:39.492 [FXGL Launcher Thread     ] DEBUG AssetLoader          - Loading from cache: /assets/properties/languages/english.properties
16:30:39.493 [FXGL Launcher Thread     ] DEBUG AssetLoader          - Loading from cache: /assets/properties/languages/english.properties
16:30:39.494 [FXGL Launcher Thread     ] DEBUG AssetLoader          - Loading from cache: /assets/properties/languages/english.properties
16:30:39.497 [FXGL Launcher Thread     ] DEBUG AssetLoader          - Loading from disk: /assets/ui/cursors/fxgl_default.png
16:30:39.499 [FXGL Launcher Thread     ] DEBUG AssetLoader          - Loading from cache: /assets/textures/MenuBackground.png
16:30:39.501 [FXGL Launcher Thread     ] DEBUG FXGL.Menu            - createMenuBodyGameMenu()
16:30:39.501 [FXGL Launcher Thread     ] DEBUG AssetLoader          - Loading from cache: /assets/properties/languages/english.properties
16:30:39.503 [FXGL Launcher Thread     ] DEBUG AssetLoader          - Loading from cache: /assets/properties/languages/english.properties
16:30:39.504 [FXGL Launcher Thread     ] DEBUG AssetLoader          - Loading from cache: /assets/properties/languages/english.properties
16:30:39.506 [FXGL Launcher Thread     ] DEBUG AssetLoader          - Loading from cache: /assets/properties/languages/english.properties
16:30:39.506 [FXGL Launcher Thread     ] DEBUG FXGL.Menu            - createOptionsMenu()
16:30:39.506 [FXGL Launcher Thread     ] DEBUG AssetLoader          - Loading from cache: /assets/properties/languages/english.properties
16:30:39.507 [FXGL Launcher Thread     ] DEBUG AssetLoader          - Loading from cache: /assets/properties/languages/english.properties
16:30:39.507 [FXGL Launcher Thread     ] DEBUG AssetLoader          - Loading from cache: /assets/properties/languages/english.properties
16:30:39.508 [FXGL Launcher Thread     ] DEBUG AssetLoader          - Loading from cache: /assets/properties/languages/english.properties
16:30:39.519 [FXGL Launcher Thread     ] INFO  GameApplication      - Game configuration took:  0,759 sec
16:30:39.521 [JavaFX Application Thread] DEBUG MainWindow           - Opening main window
16:30:39.563 [JavaFX Application Thread] DEBUG MainWindow           - Window border size: (15.0, 37.66668701171875)
16:30:39.563 [JavaFX Application Thread] DEBUG MainWindow           - Scaled size: 1105.0 x 679.0
16:30:39.563 [JavaFX Application Thread] DEBUG MainWindow           - Scaled ratio: (0.86328125, 0.8818181818181818)
16:30:39.564 [JavaFX Application Thread] DEBUG MainWindow           - Scene size: 1105.0 x 679.0
16:30:39.564 [JavaFX Application Thread] DEBUG MainWindow           - Stage size: 1120.0 x 716.6666870117188
16:30:39.564 [JavaFX Application Thread] DEBUG GameApplication      - Running preInit()
16:30:39.567 [JavaFX Application Thread] DEBUG AnnotationParser     - Main app package name: pacmansuper.game
16:30:39.872 [JavaFX Application Thread] DEBUG AnnotationParser     - @SetAchievementStore: []
16:30:39.897 [JavaFX Application Thread] DEBUG Input                - Registered new binding: Screenshot - P
16:30:39.898 [JavaFX Application Thread] DEBUG Input                - Registered new binding: Dev Options - CTRL+0
16:30:39.899 [JavaFX Application Thread] DEBUG Input                - Registered new binding: Restart - CTRL+R
16:30:39.899 [JavaFX Application Thread] DEBUG Input                - Registered new binding: Right - Right
16:30:39.899 [JavaFX Application Thread] DEBUG Input                - Registered new binding: Left - Left
16:30:39.900 [JavaFX Application Thread] DEBUG Input                - Registered new binding: Fly - Up
16:30:39.900 [JavaFX Application Thread] DEBUG Input                - Registered new binding: Descend - Down
16:30:39.900 [JavaFX Application Thread] DEBUG Input                - Registered new binding: Cheat - Backspace
16:30:39.900 [JavaFX Application Thread] DEBUG Input                - Registered new binding: Fireball - Space
16:30:39.900 [JavaFX Application Thread] DEBUG Input                - Registered new binding: Fireblast - D
16:30:39.901 [JavaFX Application Thread] DEBUG Input                - Registered new binding: Flamestrike - S
16:30:39.901 [JavaFX Application Thread] DEBUG Input                - Registered new binding: Supernova - A
16:30:39.902 [JavaFX Application Thread] DEBUG MenuEventHandler     - generateDefaultProfile()
16:30:39.902 [JavaFX Application Thread] DEBUG MenuEventHandler     - Creating default profile
16:30:39.903 [JavaFX Application Thread] DEBUG EventBus             - Firing event: SaveEvent
16:30:39.905 [JavaFX Application Thread] DEBUG AudioPlayer          - Saving data to profile
16:30:39.905 [JavaFX Application Thread] DEBUG Bundle               - Logging bundle: audio
16:30:39.905 [JavaFX Application Thread] DEBUG Bundle               - audio.musicVolume=0.5
16:30:39.906 [JavaFX Application Thread] DEBUG Bundle               - audio.soundVolume=0.5
16:30:39.906 [JavaFX Application Thread] DEBUG Input                - Saving data to profile
16:30:39.906 [JavaFX Application Thread] DEBUG Bundle               - Logging bundle: input
16:30:39.906 [JavaFX Application Thread] DEBUG Bundle               - input.Fly=Up
16:30:39.906 [JavaFX Application Thread] DEBUG Bundle               - input.Right=Right
16:30:39.906 [JavaFX Application Thread] DEBUG Bundle               - input.Fireball=Space
16:30:39.906 [JavaFX Application Thread] DEBUG Bundle               - input.Fireblast=D
16:30:39.906 [JavaFX Application Thread] DEBUG Bundle               - input.Screenshot=P
16:30:39.907 [JavaFX Application Thread] DEBUG Bundle               - input.Restart=CTRL+R
16:30:39.907 [JavaFX Application Thread] DEBUG Bundle               - input.Dev Options=CTRL+0
16:30:39.907 [JavaFX Application Thread] DEBUG Bundle               - input.Cheat=Backspace
16:30:39.907 [JavaFX Application Thread] DEBUG Bundle               - input.Descend=Down
16:30:39.907 [JavaFX Application Thread] DEBUG Bundle               - input.Left=Left
16:30:39.907 [JavaFX Application Thread] DEBUG Bundle               - input.Supernova=A
16:30:39.907 [JavaFX Application Thread] DEBUG Bundle               - input.Flamestrike=S
16:30:39.912 [JavaFX Application Thread] DEBUG Bundle               - Logging bundle: gameplayStats
16:30:39.912 [JavaFX Application Thread] DEBUG Bundle               - gameplayStats.playtime=0
16:30:39.913 [JavaFX Application Thread] DEBUG AchievementManager   - Saving data to profile
16:30:39.914 [JavaFX Application Thread] DEBUG Bundle               - Logging bundle: achievement
16:30:39.973 [JavaFX Application Thread] DEBUG GameApplication      - Starting main loop
16:30:39.977 [JavaFX Application Thread] DEBUG StartupState         - STARTUP
16:30:39.978 [JavaFX Application Thread] DEBUG Input                - Clearing active input actions
16:30:40.034 [JavaFX Application Thread] DEBUG AppStateMachine      - StartupState -> MainMenuState
16:30:40.047 [JavaFX Application Thread] DEBUG FXGL.SaveLoadManager - Checking profiles dir: profiles/
16:30:40.048 [JavaFX Application Thread] DEBUG FXGL.SaveLoadManager - Loading profile names
16:30:40.052 [JavaFX Application Thread] DEBUG IOTask               - Showing dialog
16:30:40.058 [JavaFX Application Thread] DEBUG AppStateMachine      - Push state: DialogSubState
16:30:40.058 [JavaFX Application Thread] DEBUG Input                - Clearing active input actions
16:30:40.058 [JavaFX Application Thread] DEBUG AppStateMachine      - MainMenuState -> DialogSubState
16:30:40.122 [FXGL Background Thread 1 ] DEBUG IOTask               - Executing task: loadDirectoryNamesTask(./profiles/, false)
16:30:40.225 [JavaFX Application Thread] DEBUG IOTask               - succeed(): Dismissing dialog
16:30:40.226 [JavaFX Application Thread] DEBUG AppStateMachine      - Pop state: DialogSubState
16:30:40.226 [JavaFX Application Thread] DEBUG Input                - Clearing active input actions
16:30:40.227 [JavaFX Application Thread] DEBUG AppStateMachine      - MainMenuState <- DialogSubState
16:30:40.228 [JavaFX Application Thread] DEBUG IOTask               - Task succeeded: loadDirectoryNamesTask(./profiles/, false)
16:30:40.233 [JavaFX Application Thread] DEBUG AppStateMachine      - Push state: DialogSubState
16:30:40.233 [JavaFX Application Thread] DEBUG Input                - Clearing active input actions
16:30:40.233 [JavaFX Application Thread] DEBUG AppStateMachine      - MainMenuState -> DialogSubState
16:35:17.265 [JavaFX Application Thread] DEBUG GameApplication      - Exiting game application
16:35:17.267 [JavaFX Application Thread] DEBUG GameApplication      - Shutting down background threads
16:35:17.268 [JavaFX Application Thread] DEBUG GameApplication      - Exiting FXGL
16:35:17.269 [JavaFX Application Thread] DEBUG FXGL                 - Saving FXGL system data
16:35:17.272 [JavaFX Application Thread] DEBUG IOTask               - Executing task: writeDataTask(system/fxgl.bundle)
16:35:17.278 [JavaFX Application Thread] DEBUG FS                   - Writing to: system\fxgl.bundle
16:35:17.294 [JavaFX Application Thread] DEBUG IOTask               - Task succeeded: writeDataTask(system/fxgl.bundle)
16:35:17.294 [JavaFX Application Thread] DEBUG GameApplication      - Closing logger and exiting JavaFX
