04:02:12.913 [JavaFX Application Thread] DEBUG GameApplication      - Logger initialized
04:02:12.926 [JavaFX Application Thread] DEBUG MainWindow           - Creating a JavaFX scene
04:02:13.106 [JavaFX Application Thread] DEBUG MainWindow           - Target settings size: 1280.0 x 770.0
04:02:13.106 [JavaFX Application Thread] DEBUG MainWindow           - Scaled scene size:    1280.0 x 770.0
04:02:13.107 [JavaFX Application Thread] DEBUG MainWindow           - Scaled ratio: (1.0, 1.0)
04:02:13.340 [JavaFX Application Thread] DEBUG GameApplication      - Starting FXGL
04:02:13.389 [FXGL Launcher Thread     ] INFO  Version              - FXGL-0.4.3
04:02:13.390 [FXGL Launcher Thread     ] INFO  Version              - Source code and latest versions at: https://github.com/AlmasB/FXGL
04:02:13.390 [FXGL Launcher Thread     ] INFO  Version              -              Join the FXGL chat at: https://gitter.im/AlmasB/FXGL
04:02:13.391 [FXGL Launcher Thread     ] DEBUG FXGL                 - Loading FXGL system data
04:02:13.396 [FXGL Launcher Thread     ] DEBUG IOTask               - Executing task: readDataTask(system/fxgl.bundle)
04:02:13.406 [FXGL Launcher Thread     ] DEBUG FS                   - Reading from: system\fxgl.bundle
04:02:13.420 [FXGL Launcher Thread     ] DEBUG IOTask               - Task succeeded: readDataTask(system/fxgl.bundle)
04:02:13.421 [FXGL Launcher Thread     ] DEBUG Bundle               - Logging bundle: FXGL
04:02:13.421 [FXGL Launcher Thread     ] DEBUG Bundle               - FXGL.offline.timer.version.check=2018-04-11T14:17:46.107913800
04:02:13.471 [FXGL Launcher Thread     ] DEBUG GameApplication      - FXGL started
04:02:13.471 [FXGL Launcher Thread     ] DEBUG GameApplication      - Logging game settings
Title: Pacman Super
Version: 0.0.3
Width: 1280
Height: 770
Fullscreen: false
Intro: false
Menus: true
Profiling: false
Single step:false
App Mode: DEVELOPER
Menu Key: ESCAPE
Stage Style: DECORATED
Scene Factory: class pacmansuper.game.GameMain$GameMenu
Dialog Factory: class com.almasb.fxgl.ui.FXGLDialogFactory
UI Factory: class com.almasb.fxgl.ui.FXGLUIFactory
Notification Service: class com.almasb.fxgl.gameplay.notification.XboxNotificationView
Exception Handler: class com.almasb.fxgl.app.FXGLExceptionHandler
04:02:13.472 [FXGL Launcher Thread     ] DEBUG GameApplication      - Configuring GameApplication
04:02:13.472 [FXGL Launcher Thread     ] DEBUG GameApplication      - Initializing state machine and application states
04:02:13.482 [FXGL Launcher Thread     ] DEBUG AssetLoader          - Loading from disk: /assets/ui/cursors/fxgl_default.png
04:02:13.505 [FXGL Launcher Thread     ] DEBUG AssetLoader          - Loading from disk: /assets/ui/cursors/fxgl_default.png
04:02:13.509 [FXGL Launcher Thread     ] DEBUG AssetLoader          - Loading from disk: /assets/ui/cursors/fxgl_default.png
04:02:13.532 [FXGL Launcher Thread     ] DEBUG AssetLoader          - Loading from disk: /assets/sounds/core/notification.wav
04:02:13.613 [FXGL Launcher Thread     ] DEBUG AssetLoader          - Loading from disk: /assets/sounds/menu/select.wav
04:02:13.616 [FXGL Launcher Thread     ] DEBUG AssetLoader          - Loading from disk: /assets/sounds/menu/back.wav
04:02:13.619 [FXGL Launcher Thread     ] DEBUG AssetLoader          - Loading from disk: /assets/sounds/menu/press.wav
04:02:13.623 [FXGL Launcher Thread     ] DEBUG AssetLoader          - Loading from disk: /assets/ui/fonts/VarelaRound-Regular.ttf
04:02:14.127 [FXGL Launcher Thread     ] DEBUG AssetLoader          - Loading from disk: /assets/ui/fonts/lucida_console.ttf
04:02:14.140 [FXGL Launcher Thread     ] DEBUG AssetLoader          - Loading from disk: /assets/ui/css/fxgl_dark.css
04:02:14.141 [FXGL Launcher Thread     ] DEBUG AssetLoader          - Loading from disk: /assets/ui/icons/fxgl_icon.png
04:02:14.169 [FXGL Launcher Thread     ] DEBUG AssetLoader          - Loading from disk: /assets/ui/cursors/fxgl_default.png
04:02:14.190 [FXGL Launcher Thread     ] DEBUG FXGL.GameScene       - Game scene initialized: 1280x770
04:02:14.193 [FXGL Launcher Thread     ] DEBUG FXGL.GameWorld       - Game world initialized
04:02:14.256 [FXGL Launcher Thread     ] DEBUG PhysicsWorld         - Physics world initialized: appHeight=770, physics.ppm=50.0
04:02:14.275 [FXGL Launcher Thread     ] DEBUG AssetLoader          - Loading from disk: /assets/ui/cursors/fxgl_default.png
04:02:14.277 [FXGL Launcher Thread     ] DEBUG AssetLoader          - Loading from disk: /assets/textures/MenuBackground.png
04:02:14.308 [FXGL Launcher Thread     ] DEBUG FXGL.Menu            - createMenuBodyMainMenu()
04:02:14.316 [FXGL Launcher Thread     ] DEBUG AssetLoader          - Loading from disk: /assets/properties/languages/english.properties
04:02:14.320 [FXGL Launcher Thread     ] DEBUG AssetLoader          - Loading from cache: /assets/properties/languages/english.properties
04:02:14.321 [FXGL Launcher Thread     ] DEBUG AssetLoader          - Loading from cache: /assets/properties/languages/english.properties
04:02:14.322 [FXGL Launcher Thread     ] DEBUG AssetLoader          - Loading from cache: /assets/properties/languages/english.properties
04:02:14.322 [FXGL Launcher Thread     ] DEBUG FXGL.Menu            - createOptionsMenu()
04:02:14.322 [FXGL Launcher Thread     ] DEBUG AssetLoader          - Loading from cache: /assets/properties/languages/english.properties
04:02:14.323 [FXGL Launcher Thread     ] DEBUG AssetLoader          - Loading from cache: /assets/properties/languages/english.properties
04:02:14.324 [FXGL Launcher Thread     ] DEBUG AssetLoader          - Loading from cache: /assets/properties/languages/english.properties
04:02:14.326 [FXGL Launcher Thread     ] DEBUG AssetLoader          - Loading from cache: /assets/properties/languages/english.properties
04:02:14.330 [FXGL Launcher Thread     ] DEBUG AssetLoader          - Loading from disk: /assets/ui/cursors/fxgl_default.png
04:02:14.343 [FXGL Launcher Thread     ] DEBUG AssetLoader          - Loading from cache: /assets/textures/MenuBackground.png
04:02:14.345 [FXGL Launcher Thread     ] DEBUG FXGL.Menu            - createMenuBodyGameMenu()
04:02:14.346 [FXGL Launcher Thread     ] DEBUG AssetLoader          - Loading from cache: /assets/properties/languages/english.properties
04:02:14.347 [FXGL Launcher Thread     ] DEBUG AssetLoader          - Loading from cache: /assets/properties/languages/english.properties
04:02:14.347 [FXGL Launcher Thread     ] DEBUG AssetLoader          - Loading from cache: /assets/properties/languages/english.properties
04:02:14.348 [FXGL Launcher Thread     ] DEBUG AssetLoader          - Loading from cache: /assets/properties/languages/english.properties
04:02:14.348 [FXGL Launcher Thread     ] DEBUG FXGL.Menu            - createOptionsMenu()
04:02:14.348 [FXGL Launcher Thread     ] DEBUG AssetLoader          - Loading from cache: /assets/properties/languages/english.properties
04:02:14.348 [FXGL Launcher Thread     ] DEBUG AssetLoader          - Loading from cache: /assets/properties/languages/english.properties
04:02:14.349 [FXGL Launcher Thread     ] DEBUG AssetLoader          - Loading from cache: /assets/properties/languages/english.properties
04:02:14.349 [FXGL Launcher Thread     ] DEBUG AssetLoader          - Loading from cache: /assets/properties/languages/english.properties
04:02:14.361 [FXGL Launcher Thread     ] INFO  GameApplication      - Game configuration took:  0.888 sec
04:02:14.371 [JavaFX Application Thread] DEBUG MainWindow           - Opening main window
04:02:14.427 [JavaFX Application Thread] DEBUG MainWindow           - Window border size: (6.0, 29.0)
04:02:14.427 [JavaFX Application Thread] DEBUG MainWindow           - Scaled size: 1280.0 x 770.0
04:02:14.428 [JavaFX Application Thread] DEBUG MainWindow           - Scaled ratio: (1.0, 1.0)
04:02:14.428 [JavaFX Application Thread] DEBUG MainWindow           - Scene size: 1280.0 x 770.0
04:02:14.428 [JavaFX Application Thread] DEBUG MainWindow           - Stage size: 1286.0 x 799.0
04:02:14.428 [JavaFX Application Thread] DEBUG GameApplication      - Running preInit()
04:02:14.431 [JavaFX Application Thread] DEBUG AnnotationParser     - Main app package name: pacmansuper.game
04:02:14.655 [JavaFX Application Thread] DEBUG AnnotationParser     - @SetAchievementStore: []
04:02:14.675 [JavaFX Application Thread] DEBUG Input                - Registered new binding: Screenshot - P
04:02:14.676 [JavaFX Application Thread] DEBUG Input                - Registered new binding: Dev Options - CTRL+0
04:02:14.677 [JavaFX Application Thread] DEBUG Input                - Registered new binding: Restart - CTRL+R
04:02:14.677 [JavaFX Application Thread] DEBUG Input                - Registered new binding: Right - Right
04:02:14.677 [JavaFX Application Thread] DEBUG Input                - Registered new binding: Left - Left
04:02:14.677 [JavaFX Application Thread] DEBUG Input                - Registered new binding: Fly - Up
04:02:14.677 [JavaFX Application Thread] DEBUG Input                - Registered new binding: Descend - Down
04:02:14.678 [JavaFX Application Thread] DEBUG Input                - Registered new binding: Cheat - Backspace
04:02:14.678 [JavaFX Application Thread] DEBUG Input                - Registered new binding: Fireball - Space
04:02:14.678 [JavaFX Application Thread] DEBUG Input                - Registered new binding: Fireblast - D
04:02:14.678 [JavaFX Application Thread] DEBUG Input                - Registered new binding: Flamestrike - S
04:02:14.678 [JavaFX Application Thread] DEBUG Input                - Registered new binding: Supernova - A
04:02:14.679 [JavaFX Application Thread] DEBUG MenuEventHandler     - generateDefaultProfile()
04:02:14.680 [JavaFX Application Thread] DEBUG MenuEventHandler     - Creating default profile
04:02:14.680 [JavaFX Application Thread] DEBUG EventBus             - Firing event: SaveEvent
04:02:14.682 [JavaFX Application Thread] DEBUG AudioPlayer          - Saving data to profile
04:02:14.683 [JavaFX Application Thread] DEBUG Bundle               - Logging bundle: audio
04:02:14.683 [JavaFX Application Thread] DEBUG Bundle               - audio.musicVolume=0.5
04:02:14.683 [JavaFX Application Thread] DEBUG Bundle               - audio.soundVolume=0.5
04:02:14.683 [JavaFX Application Thread] DEBUG Input                - Saving data to profile
04:02:14.683 [JavaFX Application Thread] DEBUG Bundle               - Logging bundle: input
04:02:14.683 [JavaFX Application Thread] DEBUG Bundle               - input.Fly=Up
04:02:14.683 [JavaFX Application Thread] DEBUG Bundle               - input.Right=Right
04:02:14.683 [JavaFX Application Thread] DEBUG Bundle               - input.Fireball=Space
04:02:14.683 [JavaFX Application Thread] DEBUG Bundle               - input.Fireblast=D
04:02:14.684 [JavaFX Application Thread] DEBUG Bundle               - input.Screenshot=P
04:02:14.684 [JavaFX Application Thread] DEBUG Bundle               - input.Restart=CTRL+R
04:02:14.684 [JavaFX Application Thread] DEBUG Bundle               - input.Dev Options=CTRL+0
04:02:14.684 [JavaFX Application Thread] DEBUG Bundle               - input.Cheat=Backspace
04:02:14.684 [JavaFX Application Thread] DEBUG Bundle               - input.Descend=Down
04:02:14.684 [JavaFX Application Thread] DEBUG Bundle               - input.Left=Left
04:02:14.684 [JavaFX Application Thread] DEBUG Bundle               - input.Supernova=A
04:02:14.684 [JavaFX Application Thread] DEBUG Bundle               - input.Flamestrike=S
04:02:14.689 [JavaFX Application Thread] DEBUG Bundle               - Logging bundle: gameplayStats
04:02:14.689 [JavaFX Application Thread] DEBUG Bundle               - gameplayStats.playtime=0
04:02:14.690 [JavaFX Application Thread] DEBUG AchievementManager   - Saving data to profile
04:02:14.691 [JavaFX Application Thread] DEBUG Bundle               - Logging bundle: achievement
04:02:14.746 [JavaFX Application Thread] DEBUG GameApplication      - Starting main loop
04:02:14.751 [JavaFX Application Thread] DEBUG StartupState         - STARTUP
04:02:14.752 [JavaFX Application Thread] DEBUG Input                - Clearing active input actions
04:02:14.788 [JavaFX Application Thread] DEBUG AppStateMachine      - StartupState -> MainMenuState
04:02:14.798 [JavaFX Application Thread] DEBUG FXGL.SaveLoadManager - Checking profiles dir: profiles/
04:02:14.798 [JavaFX Application Thread] DEBUG FXGL.SaveLoadManager - Loading profile names
04:02:14.804 [JavaFX Application Thread] DEBUG IOTask               - Showing dialog
04:02:14.811 [JavaFX Application Thread] DEBUG AppStateMachine      - Push state: DialogSubState
04:02:14.811 [JavaFX Application Thread] DEBUG Input                - Clearing active input actions
04:02:14.811 [JavaFX Application Thread] DEBUG AppStateMachine      - MainMenuState -> DialogSubState
04:02:14.822 [FXGL Background Thread 1 ] DEBUG IOTask               - Executing task: loadDirectoryNamesTask(./profiles/, false)
04:02:14.961 [JavaFX Application Thread] DEBUG IOTask               - succeed(): Dismissing dialog
04:02:14.961 [JavaFX Application Thread] DEBUG AppStateMachine      - Pop state: DialogSubState
04:02:14.961 [JavaFX Application Thread] DEBUG Input                - Clearing active input actions
04:02:14.963 [JavaFX Application Thread] DEBUG AppStateMachine      - MainMenuState <- DialogSubState
04:02:14.963 [JavaFX Application Thread] DEBUG IOTask               - Task succeeded: loadDirectoryNamesTask(./profiles/, false)
04:02:14.967 [JavaFX Application Thread] DEBUG AppStateMachine      - Push state: DialogSubState
04:02:14.968 [JavaFX Application Thread] DEBUG Input                - Clearing active input actions
04:02:14.968 [JavaFX Application Thread] DEBUG AppStateMachine      - MainMenuState -> DialogSubState
04:02:15.891 [JavaFX Application Thread] DEBUG AppStateMachine      - Pop state: DialogSubState
04:02:15.891 [JavaFX Application Thread] DEBUG Input                - Clearing active input actions
04:02:15.892 [JavaFX Application Thread] DEBUG AppStateMachine      - MainMenuState <- DialogSubState
04:02:15.892 [JavaFX Application Thread] DEBUG FXGL.SaveLoadManager - Loading profile: Admin
04:02:15.893 [JavaFX Application Thread] DEBUG IOTask               - Showing dialog
04:02:15.896 [JavaFX Application Thread] DEBUG AppStateMachine      - Push state: DialogSubState
04:02:15.896 [JavaFX Application Thread] DEBUG Input                - Clearing active input actions
04:02:15.896 [JavaFX Application Thread] DEBUG AppStateMachine      - MainMenuState -> DialogSubState
04:02:15.897 [FXGL Background Thread 1 ] DEBUG IOTask               - Executing task: readDataTask(./profiles/Admin/user.profile)
04:02:15.898 [FXGL Background Thread 1 ] DEBUG FS                   - Reading from: .\profiles\Admin\user.profile
04:02:15.922 [JavaFX Application Thread] DEBUG IOTask               - succeed(): Dismissing dialog
04:02:15.922 [JavaFX Application Thread] DEBUG AppStateMachine      - Pop state: DialogSubState
04:02:15.922 [JavaFX Application Thread] DEBUG Input                - Clearing active input actions
04:02:15.923 [JavaFX Application Thread] DEBUG AppStateMachine      - MainMenuState <- DialogSubState
04:02:15.923 [JavaFX Application Thread] DEBUG IOTask               - Task succeeded: readDataTask(./profiles/Admin/user.profile)
04:02:15.923 [JavaFX Application Thread] DEBUG EventBus             - Firing event: LoadEvent[type=LOAD_PROFILE]
04:02:15.924 [JavaFX Application Thread] DEBUG AudioPlayer          - Loading data from profile
04:02:15.924 [JavaFX Application Thread] DEBUG Bundle               - Logging bundle: audio
04:02:15.924 [JavaFX Application Thread] DEBUG Bundle               - audio.musicVolume=0.5
04:02:15.924 [JavaFX Application Thread] DEBUG Bundle               - audio.soundVolume=0.5
04:02:15.924 [JavaFX Application Thread] DEBUG Input                - Loading data from profile
04:02:15.924 [JavaFX Application Thread] DEBUG Bundle               - Logging bundle: input
04:02:15.924 [JavaFX Application Thread] DEBUG Bundle               - input.Fly=Up
04:02:15.924 [JavaFX Application Thread] DEBUG Bundle               - input.Right=Right
04:02:15.924 [JavaFX Application Thread] DEBUG Bundle               - input.Fireball=Space
04:02:15.924 [JavaFX Application Thread] DEBUG Bundle               - input.Restart=CTRL+R
04:02:15.924 [JavaFX Application Thread] DEBUG Bundle               - input.Dev Options=CTRL+0
04:02:15.925 [JavaFX Application Thread] DEBUG Bundle               - input.Cheat=Backspace
04:02:15.925 [JavaFX Application Thread] DEBUG Bundle               - input.Descend=Down
04:02:15.925 [JavaFX Application Thread] DEBUG Bundle               - input.Left=Left
04:02:15.925 [JavaFX Application Thread] DEBUG Bundle               - input.Supernova=A
04:02:15.925 [JavaFX Application Thread] DEBUG Bundle               - input.Fireblast=D
04:02:15.925 [JavaFX Application Thread] DEBUG Bundle               - input.Screenshot=P
04:02:15.925 [JavaFX Application Thread] DEBUG Bundle               - input.Flamestrike=S
04:02:15.926 [JavaFX Application Thread] DEBUG Bundle               - Logging bundle: gameplayStats
04:02:15.926 [JavaFX Application Thread] DEBUG Bundle               - gameplayStats.playtime=6960478217503
04:02:15.926 [JavaFX Application Thread] DEBUG AchievementManager   - Loading data from profile
04:02:15.926 [JavaFX Application Thread] DEBUG Bundle               - Logging bundle: achievement
04:02:15.927 [JavaFX Application Thread] DEBUG FXGL.SaveLoadManager - Loading last modified save file
04:02:15.927 [JavaFX Application Thread] DEBUG FXGL.SaveLoadManager - Loading save files
04:02:15.951 [JavaFX Application Thread] DEBUG IOTask               - Showing dialog
04:02:15.952 [JavaFX Application Thread] DEBUG AppStateMachine      - Push state: DialogSubState
04:02:15.952 [JavaFX Application Thread] DEBUG Input                - Clearing active input actions
04:02:15.952 [JavaFX Application Thread] DEBUG AppStateMachine      - MainMenuState -> DialogSubState
04:02:15.953 [FXGL Background Thread 1 ] DEBUG IOTask               - Executing task: loadFileNamesTask(./profiles/Admin/saves/, true, [FileExtension(extension=.sav)])
04:02:15.953 [FXGL Background Thread 1 ] DEBUG IOTask               - Executing task: loadFileNamesTask(./profiles/Admin/saves/, true, [FileExtension(extension=.sav)])
04:02:15.953 [FXGL Background Thread 1 ] DEBUG IOTask               - Executing task: loadFileNamesTask(./profiles/Admin/saves/, true, [FileExtension(extension=.sav)])
04:02:15.958 [FXGL Background Thread 1 ] DEBUG IOTask               - Executing task: readSaveFiles
04:02:15.960 [FXGL Background Thread 1 ] DEBUG IOTask               - Executing task: readDataTask(./profiles/Admin/saves/test.sav)
04:02:15.960 [FXGL Background Thread 1 ] DEBUG FS                   - Reading from: .\profiles\Admin\saves\test.sav
04:02:15.963 [FXGL Background Thread 1 ] DEBUG IOTask               - Task succeeded: readDataTask(./profiles/Admin/saves/test.sav)
04:02:15.964 [FXGL Background Thread 1 ] DEBUG IOTask               - Executing task: findLastSave
04:02:15.968 [JavaFX Application Thread] DEBUG IOTask               - succeed(): Dismissing dialog
04:02:15.968 [JavaFX Application Thread] DEBUG AppStateMachine      - Pop state: DialogSubState
04:02:15.968 [JavaFX Application Thread] DEBUG Input                - Clearing active input actions
04:02:15.968 [JavaFX Application Thread] DEBUG AppStateMachine      - MainMenuState <- DialogSubState
04:02:15.968 [JavaFX Application Thread] DEBUG IOTask               - Task succeeded: loadFileNamesTask(./profiles/Admin/saves/, true, [FileExtension(extension=.sav)])
04:02:16.811 [JavaFX Application Thread] DEBUG FXGL.Menu            - createContentLoad()
04:02:16.822 [JavaFX Application Thread] DEBUG FXGL.SaveLoadManager - Querying save files
04:02:16.822 [JavaFX Application Thread] DEBUG FXGL.SaveLoadManager - Loading save files
04:02:16.822 [JavaFX Application Thread] DEBUG IOTask               - Showing dialog
04:02:16.823 [JavaFX Application Thread] DEBUG AppStateMachine      - Push state: DialogSubState
04:02:16.823 [JavaFX Application Thread] DEBUG Input                - Clearing active input actions
04:02:16.823 [JavaFX Application Thread] DEBUG AppStateMachine      - MainMenuState -> DialogSubState
04:02:16.825 [JavaFX Application Thread] DEBUG AssetLoader          - Loading from cache: /assets/properties/languages/english.properties
04:02:16.825 [FXGL Background Thread 1 ] DEBUG IOTask               - Executing task: loadFileNamesTask(./profiles/Admin/saves/, true, [FileExtension(extension=.sav)])
04:02:16.825 [JavaFX Application Thread] DEBUG AssetLoader          - Loading from cache: /assets/properties/languages/english.properties
04:02:16.825 [FXGL Background Thread 1 ] DEBUG IOTask               - Executing task: loadFileNamesTask(./profiles/Admin/saves/, true, [FileExtension(extension=.sav)])
04:02:16.829 [FXGL Background Thread 1 ] DEBUG IOTask               - Executing task: readSaveFiles
04:02:16.830 [FXGL Background Thread 1 ] DEBUG IOTask               - Executing task: readDataTask(./profiles/Admin/saves/test.sav)
04:02:16.830 [FXGL Background Thread 1 ] DEBUG FS                   - Reading from: .\profiles\Admin\saves\test.sav
04:02:16.831 [FXGL Background Thread 1 ] DEBUG IOTask               - Task succeeded: readDataTask(./profiles/Admin/saves/test.sav)
04:02:16.923 [JavaFX Application Thread] DEBUG IOTask               - succeed(): Dismissing dialog
04:02:16.923 [JavaFX Application Thread] DEBUG AppStateMachine      - Pop state: DialogSubState
04:02:16.924 [JavaFX Application Thread] DEBUG Input                - Clearing active input actions
04:02:16.924 [JavaFX Application Thread] DEBUG AppStateMachine      - MainMenuState <- DialogSubState
04:02:16.925 [JavaFX Application Thread] DEBUG IOTask               - Task succeeded: loadFileNamesTask(./profiles/Admin/saves/, true, [FileExtension(extension=.sav)])
04:02:17.781 [JavaFX Application Thread] DEBUG FXGL.Menu            - fireDelete()
04:02:17.782 [JavaFX Application Thread] DEBUG AssetLoader          - Loading from cache: /assets/properties/languages/english.properties
04:02:17.782 [JavaFX Application Thread] DEBUG AssetLoader          - Loading from cache: /assets/properties/languages/english.properties
04:02:17.784 [JavaFX Application Thread] DEBUG AppStateMachine      - Push state: DialogSubState
04:02:17.785 [JavaFX Application Thread] DEBUG Input                - Clearing active input actions
04:02:17.785 [JavaFX Application Thread] DEBUG AppStateMachine      - MainMenuState -> DialogSubState
04:02:18.262 [JavaFX Application Thread] DEBUG AppStateMachine      - Pop state: DialogSubState
04:02:18.263 [JavaFX Application Thread] DEBUG Input                - Clearing active input actions
04:02:18.263 [JavaFX Application Thread] DEBUG AppStateMachine      - MainMenuState <- DialogSubState
04:02:18.263 [JavaFX Application Thread] DEBUG FXGL.SaveLoadManager - Deleting save file: test
04:02:18.264 [JavaFX Application Thread] DEBUG IOTask               - Showing dialog
04:02:18.266 [JavaFX Application Thread] DEBUG AppStateMachine      - Push state: DialogSubState
04:02:18.267 [JavaFX Application Thread] DEBUG Input                - Clearing active input actions
04:02:18.267 [JavaFX Application Thread] DEBUG AppStateMachine      - MainMenuState -> DialogSubState
04:02:18.268 [FXGL Background Thread 1 ] DEBUG IOTask               - Executing task: deleteFileTask(./profiles/Admin/saves/test.sav)
04:02:18.273 [FXGL Background Thread 1 ] DEBUG IOTask               - Executing task: deleteFileTask(./profiles/Admin/saves/test.sav)
04:02:18.274 [FXGL Background Thread 1 ] DEBUG IOTask               - Executing task: deleteFileTask(./profiles/Admin/saves/test.sav)
04:02:18.274 [FXGL Background Thread 1 ] DEBUG FS                   - Deleting file: .\profiles\Admin\saves\test.sav
04:02:18.277 [FXGL Background Thread 1 ] DEBUG IOTask               - Executing task: deleteFileTask(./profiles/Admin/saves/test.dat)
04:02:18.278 [FXGL Background Thread 1 ] DEBUG FS                   - Deleting file: .\profiles\Admin\saves\test.dat
04:02:18.283 [FXGL Background Thread 1 ] DEBUG IOTask               - Executing task: updateSaves
04:02:18.292 [JavaFX Application Thread] DEBUG IOTask               - succeed(): Dismissing dialog
04:02:18.292 [JavaFX Application Thread] DEBUG AppStateMachine      - Pop state: DialogSubState
04:02:18.292 [JavaFX Application Thread] DEBUG Input                - Clearing active input actions
04:02:18.292 [JavaFX Application Thread] DEBUG AppStateMachine      - MainMenuState <- DialogSubState
04:02:18.292 [JavaFX Application Thread] DEBUG IOTask               - Task succeeded: deleteFileTask(./profiles/Admin/saves/test.sav)
04:02:19.796 [JavaFX Application Thread] DEBUG GameApplication      - Exiting game application
04:02:19.797 [JavaFX Application Thread] DEBUG MenuEventHandler     - Creating default profile
04:02:19.797 [JavaFX Application Thread] DEBUG EventBus             - Firing event: SaveEvent
04:02:19.797 [JavaFX Application Thread] DEBUG AudioPlayer          - Saving data to profile
04:02:19.797 [JavaFX Application Thread] DEBUG Bundle               - Logging bundle: audio
04:02:19.797 [JavaFX Application Thread] DEBUG Bundle               - audio.musicVolume=0.5
04:02:19.797 [JavaFX Application Thread] DEBUG Bundle               - audio.soundVolume=0.5
04:02:19.798 [JavaFX Application Thread] DEBUG Input                - Saving data to profile
04:02:19.798 [JavaFX Application Thread] DEBUG Bundle               - Logging bundle: input
04:02:19.798 [JavaFX Application Thread] DEBUG Bundle               - input.Fly=Up
04:02:19.798 [JavaFX Application Thread] DEBUG Bundle               - input.Right=Right
04:02:19.798 [JavaFX Application Thread] DEBUG Bundle               - input.Fireball=Space
04:02:19.798 [JavaFX Application Thread] DEBUG Bundle               - input.Fireblast=D
04:02:19.798 [JavaFX Application Thread] DEBUG Bundle               - input.Screenshot=P
04:02:19.798 [JavaFX Application Thread] DEBUG Bundle               - input.Restart=CTRL+R
04:02:19.798 [JavaFX Application Thread] DEBUG Bundle               - input.Dev Options=CTRL+0
04:02:19.798 [JavaFX Application Thread] DEBUG Bundle               - input.Cheat=Backspace
04:02:19.798 [JavaFX Application Thread] DEBUG Bundle               - input.Descend=Down
04:02:19.798 [JavaFX Application Thread] DEBUG Bundle               - input.Left=Left
04:02:19.798 [JavaFX Application Thread] DEBUG Bundle               - input.Supernova=A
04:02:19.798 [JavaFX Application Thread] DEBUG Bundle               - input.Flamestrike=S
04:02:19.798 [JavaFX Application Thread] DEBUG Bundle               - Logging bundle: gameplayStats
04:02:19.798 [JavaFX Application Thread] DEBUG Bundle               - gameplayStats.playtime=6960478217503
04:02:19.798 [JavaFX Application Thread] DEBUG AchievementManager   - Saving data to profile
04:02:19.798 [JavaFX Application Thread] DEBUG Bundle               - Logging bundle: achievement
04:02:19.798 [JavaFX Application Thread] DEBUG FXGL.SaveLoadManager - Saving profile: Admin
04:02:19.799 [JavaFX Application Thread] DEBUG IOTask               - Executing task: writeDataTask(./profiles/Admin/user.profile)
04:02:19.800 [JavaFX Application Thread] DEBUG IOTask               - Executing task: writeDataTask(./profiles/Admin/user.profile)
04:02:19.802 [JavaFX Application Thread] DEBUG FS                   - Writing to: .\profiles\Admin\user.profile
04:02:19.806 [JavaFX Application Thread] DEBUG IOTask               - Executing task: checkSavesDir(./profiles/Admin/saves/)
04:02:19.807 [JavaFX Application Thread] DEBUG IOTask               - Task succeeded: writeDataTask(./profiles/Admin/user.profile)
04:02:19.807 [JavaFX Application Thread] DEBUG GameApplication      - Shutting down background threads
04:02:19.808 [JavaFX Application Thread] DEBUG GameApplication      - Exiting FXGL
04:02:19.808 [JavaFX Application Thread] DEBUG FXGL                 - Saving FXGL system data
04:02:19.808 [JavaFX Application Thread] DEBUG IOTask               - Executing task: writeDataTask(system/fxgl.bundle)
04:02:19.810 [JavaFX Application Thread] DEBUG FS                   - Writing to: system\fxgl.bundle
04:02:19.814 [JavaFX Application Thread] DEBUG IOTask               - Task succeeded: writeDataTask(system/fxgl.bundle)
04:02:19.814 [JavaFX Application Thread] DEBUG GameApplication      - Closing logger and exiting JavaFX
