14:26:21.701 [JavaFX Application Thread] DEBUG GameApplication      - Logger initialized
14:26:21.723 [JavaFX Application Thread] DEBUG MainWindow           - Creating a JavaFX scene
14:26:22.021 [JavaFX Application Thread] DEBUG MainWindow           - Target settings size: 1280.0 x 770.0
14:26:22.022 [JavaFX Application Thread] DEBUG MainWindow           - Scaled scene size:    1280.0 x 770.0
14:26:22.022 [JavaFX Application Thread] DEBUG MainWindow           - Scaled ratio: (1.0, 1.0)
14:26:22.222 [JavaFX Application Thread] DEBUG GameApplication      - Starting FXGL
14:26:22.280 [FXGL Launcher Thread     ] INFO  Version              - FXGL-0.4.3
14:26:22.280 [FXGL Launcher Thread     ] INFO  Version              - Source code and latest versions at: https://github.com/AlmasB/FXGL
14:26:22.280 [FXGL Launcher Thread     ] INFO  Version              -              Join the FXGL chat at: https://gitter.im/AlmasB/FXGL
14:26:22.282 [FXGL Launcher Thread     ] DEBUG FXGL                 - Loading FXGL system data
14:26:22.289 [FXGL Launcher Thread     ] DEBUG IOTask               - Executing task: readDataTask(system/fxgl.bundle)
14:26:22.310 [FXGL Launcher Thread     ] DEBUG FS                   - Reading from: system\fxgl.bundle
14:26:22.327 [FXGL Launcher Thread     ] DEBUG IOTask               - Task succeeded: readDataTask(system/fxgl.bundle)
14:26:22.328 [FXGL Launcher Thread     ] DEBUG Bundle               - Logging bundle: FXGL
14:26:22.328 [FXGL Launcher Thread     ] DEBUG Bundle               - FXGL.offline.timer.version.check=2018-04-11T14:17:46.107913800
14:26:22.380 [FXGL Launcher Thread     ] DEBUG GameApplication      - FXGL started
14:26:22.381 [FXGL Launcher Thread     ] DEBUG GameApplication      - Logging game settings
Title: Pacman Super
Version: 0.0.3
Width: 1280
Height: 770
Fullscreen: false
Intro: false
Menus: true
Profiling: false
Single step:false
App Mode: DEVELOPER
Menu Key: ESCAPE
Stage Style: DECORATED
Scene Factory: class pacmansuper.game.GameMain$GameMenu
Dialog Factory: class com.almasb.fxgl.ui.FXGLDialogFactory
UI Factory: class com.almasb.fxgl.ui.FXGLUIFactory
Notification Service: class com.almasb.fxgl.gameplay.notification.XboxNotificationView
Exception Handler: class com.almasb.fxgl.app.FXGLExceptionHandler
14:26:22.381 [FXGL Launcher Thread     ] DEBUG GameApplication      - Configuring GameApplication
14:26:22.382 [FXGL Launcher Thread     ] DEBUG GameApplication      - Initializing state machine and application states
14:26:22.393 [FXGL Launcher Thread     ] DEBUG AssetLoader          - Loading from disk: /assets/ui/cursors/fxgl_default.png
14:26:22.437 [FXGL Launcher Thread     ] DEBUG AssetLoader          - Loading from disk: /assets/ui/cursors/fxgl_default.png
14:26:22.441 [FXGL Launcher Thread     ] DEBUG AssetLoader          - Loading from disk: /assets/ui/cursors/fxgl_default.png
14:26:22.460 [FXGL Launcher Thread     ] DEBUG AssetLoader          - Loading from disk: /assets/sounds/core/notification.wav
14:26:22.773 [FXGL Launcher Thread     ] DEBUG AssetLoader          - Loading from disk: /assets/sounds/menu/select.wav
14:26:22.776 [FXGL Launcher Thread     ] DEBUG AssetLoader          - Loading from disk: /assets/sounds/menu/back.wav
14:26:22.778 [FXGL Launcher Thread     ] DEBUG AssetLoader          - Loading from disk: /assets/sounds/menu/press.wav
14:26:22.781 [FXGL Launcher Thread     ] DEBUG AssetLoader          - Loading from disk: /assets/ui/fonts/VarelaRound-Regular.ttf
14:26:23.118 [FXGL Launcher Thread     ] DEBUG AssetLoader          - Loading from disk: /assets/ui/fonts/lucida_console.ttf
14:26:23.127 [FXGL Launcher Thread     ] DEBUG AssetLoader          - Loading from disk: /assets/ui/css/fxgl_dark.css
14:26:23.128 [FXGL Launcher Thread     ] DEBUG AssetLoader          - Loading from disk: /assets/ui/icons/fxgl_icon.png
14:26:23.149 [FXGL Launcher Thread     ] DEBUG AssetLoader          - Loading from disk: /assets/ui/cursors/fxgl_default.png
14:26:23.226 [FXGL Launcher Thread     ] DEBUG FXGL.GameScene       - Game scene initialized: 1280x770
14:26:23.230 [FXGL Launcher Thread     ] DEBUG FXGL.GameWorld       - Game world initialized
14:26:23.296 [FXGL Launcher Thread     ] DEBUG PhysicsWorld         - Physics world initialized: appHeight=770, physics.ppm=50.0
14:26:23.321 [FXGL Launcher Thread     ] DEBUG AssetLoader          - Loading from disk: /assets/ui/cursors/fxgl_default.png
14:26:23.324 [FXGL Launcher Thread     ] DEBUG AssetLoader          - Loading from disk: /assets/textures/MenuBackground.png
14:26:23.355 [FXGL Launcher Thread     ] DEBUG FXGL.Menu            - createMenuBodyMainMenu()
14:26:23.363 [FXGL Launcher Thread     ] DEBUG AssetLoader          - Loading from disk: /assets/properties/languages/english.properties
14:26:23.366 [FXGL Launcher Thread     ] DEBUG AssetLoader          - Loading from cache: /assets/properties/languages/english.properties
14:26:23.366 [FXGL Launcher Thread     ] DEBUG AssetLoader          - Loading from cache: /assets/properties/languages/english.properties
14:26:23.368 [FXGL Launcher Thread     ] DEBUG AssetLoader          - Loading from cache: /assets/properties/languages/english.properties
14:26:23.368 [FXGL Launcher Thread     ] DEBUG FXGL.Menu            - createOptionsMenu()
14:26:23.368 [FXGL Launcher Thread     ] DEBUG AssetLoader          - Loading from cache: /assets/properties/languages/english.properties
14:26:23.369 [FXGL Launcher Thread     ] DEBUG AssetLoader          - Loading from cache: /assets/properties/languages/english.properties
14:26:23.369 [FXGL Launcher Thread     ] DEBUG AssetLoader          - Loading from cache: /assets/properties/languages/english.properties
14:26:23.370 [FXGL Launcher Thread     ] DEBUG AssetLoader          - Loading from cache: /assets/properties/languages/english.properties
14:26:23.372 [FXGL Launcher Thread     ] DEBUG AssetLoader          - Loading from disk: /assets/ui/cursors/fxgl_default.png
14:26:23.375 [FXGL Launcher Thread     ] DEBUG AssetLoader          - Loading from cache: /assets/textures/MenuBackground.png
14:26:23.376 [FXGL Launcher Thread     ] DEBUG FXGL.Menu            - createMenuBodyGameMenu()
14:26:23.376 [FXGL Launcher Thread     ] DEBUG AssetLoader          - Loading from cache: /assets/properties/languages/english.properties
14:26:23.377 [FXGL Launcher Thread     ] DEBUG AssetLoader          - Loading from cache: /assets/properties/languages/english.properties
14:26:23.377 [FXGL Launcher Thread     ] DEBUG AssetLoader          - Loading from cache: /assets/properties/languages/english.properties
14:26:23.378 [FXGL Launcher Thread     ] DEBUG AssetLoader          - Loading from cache: /assets/properties/languages/english.properties
14:26:23.378 [FXGL Launcher Thread     ] DEBUG FXGL.Menu            - createOptionsMenu()
14:26:23.378 [FXGL Launcher Thread     ] DEBUG AssetLoader          - Loading from cache: /assets/properties/languages/english.properties
14:26:23.378 [FXGL Launcher Thread     ] DEBUG AssetLoader          - Loading from cache: /assets/properties/languages/english.properties
14:26:23.379 [FXGL Launcher Thread     ] DEBUG AssetLoader          - Loading from cache: /assets/properties/languages/english.properties
14:26:23.379 [FXGL Launcher Thread     ] DEBUG AssetLoader          - Loading from cache: /assets/properties/languages/english.properties
14:26:23.387 [FXGL Launcher Thread     ] INFO  GameApplication      - Game configuration took:  1.005 sec
14:26:23.393 [JavaFX Application Thread] DEBUG MainWindow           - Opening main window
14:26:23.446 [JavaFX Application Thread] DEBUG MainWindow           - Window border size: (4.800048828125, 23.5999755859375)
14:26:23.447 [JavaFX Application Thread] DEBUG MainWindow           - Scaled size: 1280.0 x 770.0
14:26:23.447 [JavaFX Application Thread] DEBUG MainWindow           - Scaled ratio: (1.0, 1.0)
14:26:23.447 [JavaFX Application Thread] DEBUG MainWindow           - Scene size: 1280.0 x 770.4000244140625
14:26:23.447 [JavaFX Application Thread] DEBUG MainWindow           - Stage size: 1284.800048828125 x 793.5999755859375
14:26:23.448 [JavaFX Application Thread] DEBUG GameApplication      - Running preInit()
14:26:23.451 [JavaFX Application Thread] DEBUG AnnotationParser     - Main app package name: pacmansuper.game
14:26:23.686 [JavaFX Application Thread] DEBUG AnnotationParser     - @SetAchievementStore: []
14:26:23.703 [JavaFX Application Thread] DEBUG Input                - Registered new binding: Screenshot - P
14:26:23.703 [JavaFX Application Thread] DEBUG Input                - Registered new binding: Dev Options - CTRL+0
14:26:23.703 [JavaFX Application Thread] DEBUG Input                - Registered new binding: Restart - CTRL+R
14:26:23.704 [JavaFX Application Thread] DEBUG Input                - Registered new binding: Right - Right
14:26:23.704 [JavaFX Application Thread] DEBUG Input                - Registered new binding: Left - Left
14:26:23.704 [JavaFX Application Thread] DEBUG Input                - Registered new binding: Fly - Up
14:26:23.704 [JavaFX Application Thread] DEBUG Input                - Registered new binding: Descend - Down
14:26:23.704 [JavaFX Application Thread] DEBUG Input                - Registered new binding: Cheat - Backspace
14:26:23.704 [JavaFX Application Thread] DEBUG Input                - Registered new binding: Fireball - Space
14:26:23.704 [JavaFX Application Thread] DEBUG Input                - Registered new binding: Fireblast - D
14:26:23.705 [JavaFX Application Thread] DEBUG Input                - Registered new binding: Flamestrike - S
14:26:23.705 [JavaFX Application Thread] DEBUG Input                - Registered new binding: Supernova - A
14:26:23.706 [JavaFX Application Thread] DEBUG MenuEventHandler     - generateDefaultProfile()
14:26:23.706 [JavaFX Application Thread] DEBUG MenuEventHandler     - Creating default profile
14:26:23.706 [JavaFX Application Thread] DEBUG EventBus             - Firing event: SaveEvent
14:26:23.708 [JavaFX Application Thread] DEBUG AudioPlayer          - Saving data to profile
14:26:23.708 [JavaFX Application Thread] DEBUG Bundle               - Logging bundle: audio
14:26:23.708 [JavaFX Application Thread] DEBUG Bundle               - audio.musicVolume=0.5
14:26:23.708 [JavaFX Application Thread] DEBUG Bundle               - audio.soundVolume=0.5
14:26:23.709 [JavaFX Application Thread] DEBUG Input                - Saving data to profile
14:26:23.709 [JavaFX Application Thread] DEBUG Bundle               - Logging bundle: input
14:26:23.709 [JavaFX Application Thread] DEBUG Bundle               - input.Fly=Up
14:26:23.709 [JavaFX Application Thread] DEBUG Bundle               - input.Right=Right
14:26:23.709 [JavaFX Application Thread] DEBUG Bundle               - input.Fireball=Space
14:26:23.709 [JavaFX Application Thread] DEBUG Bundle               - input.Fireblast=D
14:26:23.709 [JavaFX Application Thread] DEBUG Bundle               - input.Screenshot=P
14:26:23.709 [JavaFX Application Thread] DEBUG Bundle               - input.Restart=CTRL+R
14:26:23.709 [JavaFX Application Thread] DEBUG Bundle               - input.Dev Options=CTRL+0
14:26:23.709 [JavaFX Application Thread] DEBUG Bundle               - input.Cheat=Backspace
14:26:23.709 [JavaFX Application Thread] DEBUG Bundle               - input.Descend=Down
14:26:23.709 [JavaFX Application Thread] DEBUG Bundle               - input.Left=Left
14:26:23.709 [JavaFX Application Thread] DEBUG Bundle               - input.Supernova=A
14:26:23.710 [JavaFX Application Thread] DEBUG Bundle               - input.Flamestrike=S
14:26:23.713 [JavaFX Application Thread] DEBUG Bundle               - Logging bundle: gameplayStats
14:26:23.713 [JavaFX Application Thread] DEBUG Bundle               - gameplayStats.playtime=0
14:26:23.714 [JavaFX Application Thread] DEBUG AchievementManager   - Saving data to profile
14:26:23.715 [JavaFX Application Thread] DEBUG Bundle               - Logging bundle: achievement
14:26:23.763 [JavaFX Application Thread] DEBUG GameApplication      - Starting main loop
14:26:23.768 [JavaFX Application Thread] DEBUG StartupState         - STARTUP
14:26:23.768 [JavaFX Application Thread] DEBUG Input                - Clearing active input actions
14:26:23.799 [JavaFX Application Thread] DEBUG AppStateMachine      - StartupState -> MainMenuState
14:26:23.807 [JavaFX Application Thread] DEBUG FXGL.SaveLoadManager - Checking profiles dir: profiles/
14:26:23.808 [JavaFX Application Thread] DEBUG FXGL.SaveLoadManager - Loading profile names
14:26:23.812 [JavaFX Application Thread] DEBUG IOTask               - Showing dialog
14:26:23.816 [JavaFX Application Thread] DEBUG AppStateMachine      - Push state: DialogSubState
14:26:23.816 [JavaFX Application Thread] DEBUG Input                - Clearing active input actions
14:26:23.816 [JavaFX Application Thread] DEBUG AppStateMachine      - MainMenuState -> DialogSubState
14:26:23.825 [FXGL Background Thread 1 ] DEBUG IOTask               - Executing task: loadDirectoryNamesTask(./profiles/, false)
14:26:23.932 [JavaFX Application Thread] DEBUG IOTask               - succeed(): Dismissing dialog
14:26:23.932 [JavaFX Application Thread] DEBUG AppStateMachine      - Pop state: DialogSubState
14:26:23.932 [JavaFX Application Thread] DEBUG Input                - Clearing active input actions
14:26:23.933 [JavaFX Application Thread] DEBUG AppStateMachine      - MainMenuState <- DialogSubState
14:26:23.934 [JavaFX Application Thread] DEBUG IOTask               - Task succeeded: loadDirectoryNamesTask(./profiles/, false)
14:26:23.937 [JavaFX Application Thread] DEBUG AppStateMachine      - Push state: DialogSubState
14:26:23.937 [JavaFX Application Thread] DEBUG Input                - Clearing active input actions
14:26:23.937 [JavaFX Application Thread] DEBUG AppStateMachine      - MainMenuState -> DialogSubState
14:26:25.522 [JavaFX Application Thread] DEBUG AppStateMachine      - Pop state: DialogSubState
14:26:25.523 [JavaFX Application Thread] DEBUG Input                - Clearing active input actions
14:26:25.524 [JavaFX Application Thread] DEBUG AppStateMachine      - MainMenuState <- DialogSubState
14:26:25.524 [JavaFX Application Thread] DEBUG FXGL.SaveLoadManager - Loading profile: Admin
14:26:25.525 [JavaFX Application Thread] DEBUG IOTask               - Showing dialog
14:26:25.528 [JavaFX Application Thread] DEBUG AppStateMachine      - Push state: DialogSubState
14:26:25.528 [JavaFX Application Thread] DEBUG Input                - Clearing active input actions
14:26:25.528 [JavaFX Application Thread] DEBUG AppStateMachine      - MainMenuState -> DialogSubState
14:26:25.530 [FXGL Background Thread 1 ] DEBUG IOTask               - Executing task: readDataTask(./profiles/Admin/user.profile)
14:26:25.566 [FXGL Background Thread 1 ] DEBUG FS                   - Reading from: .\profiles\Admin\user.profile
14:26:25.588 [JavaFX Application Thread] DEBUG IOTask               - succeed(): Dismissing dialog
14:26:25.589 [JavaFX Application Thread] DEBUG AppStateMachine      - Pop state: DialogSubState
14:26:25.589 [JavaFX Application Thread] DEBUG Input                - Clearing active input actions
14:26:25.590 [JavaFX Application Thread] DEBUG AppStateMachine      - MainMenuState <- DialogSubState
14:26:25.590 [JavaFX Application Thread] DEBUG IOTask               - Task succeeded: readDataTask(./profiles/Admin/user.profile)
14:26:25.591 [JavaFX Application Thread] DEBUG EventBus             - Firing event: LoadEvent[type=LOAD_PROFILE]
14:26:25.591 [JavaFX Application Thread] DEBUG AudioPlayer          - Loading data from profile
14:26:25.591 [JavaFX Application Thread] DEBUG Bundle               - Logging bundle: audio
14:26:25.591 [JavaFX Application Thread] DEBUG Bundle               - audio.musicVolume=0.5
14:26:25.591 [JavaFX Application Thread] DEBUG Bundle               - audio.soundVolume=0.5
14:26:25.592 [JavaFX Application Thread] DEBUG Input                - Loading data from profile
14:26:25.592 [JavaFX Application Thread] DEBUG Bundle               - Logging bundle: input
14:26:25.592 [JavaFX Application Thread] DEBUG Bundle               - input.Fly=Up
14:26:25.592 [JavaFX Application Thread] DEBUG Bundle               - input.Right=Right
14:26:25.592 [JavaFX Application Thread] DEBUG Bundle               - input.Fireball=Space
14:26:25.592 [JavaFX Application Thread] DEBUG Bundle               - input.Restart=CTRL+R
14:26:25.592 [JavaFX Application Thread] DEBUG Bundle               - input.Dev Options=CTRL+0
14:26:25.592 [JavaFX Application Thread] DEBUG Bundle               - input.Cheat=Backspace
14:26:25.592 [JavaFX Application Thread] DEBUG Bundle               - input.Descend=Down
14:26:25.592 [JavaFX Application Thread] DEBUG Bundle               - input.Left=Left
14:26:25.593 [JavaFX Application Thread] DEBUG Bundle               - input.Supernova=A
14:26:25.593 [JavaFX Application Thread] DEBUG Bundle               - input.Fireblast=D
14:26:25.593 [JavaFX Application Thread] DEBUG Bundle               - input.Screenshot=P
14:26:25.593 [JavaFX Application Thread] DEBUG Bundle               - input.Flamestrike=S
14:26:25.593 [JavaFX Application Thread] DEBUG Bundle               - Logging bundle: gameplayStats
14:26:25.593 [JavaFX Application Thread] DEBUG Bundle               - gameplayStats.playtime=6960478217503
14:26:25.593 [JavaFX Application Thread] DEBUG AchievementManager   - Loading data from profile
14:26:25.594 [JavaFX Application Thread] DEBUG Bundle               - Logging bundle: achievement
14:26:25.594 [JavaFX Application Thread] DEBUG FXGL.SaveLoadManager - Loading last modified save file
14:26:25.594 [JavaFX Application Thread] DEBUG FXGL.SaveLoadManager - Loading save files
14:26:25.599 [JavaFX Application Thread] DEBUG IOTask               - Showing dialog
14:26:25.600 [JavaFX Application Thread] DEBUG AppStateMachine      - Push state: DialogSubState
14:26:25.600 [JavaFX Application Thread] DEBUG Input                - Clearing active input actions
14:26:25.601 [JavaFX Application Thread] DEBUG AppStateMachine      - MainMenuState -> DialogSubState
14:26:25.601 [FXGL Background Thread 1 ] DEBUG IOTask               - Executing task: loadFileNamesTask(./profiles/Admin/saves/, true, [FileExtension(extension=.sav)])
14:26:25.602 [FXGL Background Thread 1 ] DEBUG IOTask               - Executing task: loadFileNamesTask(./profiles/Admin/saves/, true, [FileExtension(extension=.sav)])
14:26:25.602 [FXGL Background Thread 1 ] DEBUG IOTask               - Executing task: loadFileNamesTask(./profiles/Admin/saves/, true, [FileExtension(extension=.sav)])
14:26:25.608 [FXGL Background Thread 1 ] DEBUG IOTask               - Executing task: readSaveFiles
14:26:25.617 [FXGL Background Thread 1 ] DEBUG IOTask               - Executing task: findLastSave
14:26:25.622 [JavaFX Application Thread] DEBUG IOTask               - fail(): Dismissing dialog
14:26:25.623 [JavaFX Application Thread] DEBUG AppStateMachine      - Pop state: DialogSubState
14:26:25.623 [JavaFX Application Thread] DEBUG Input                - Clearing active input actions
14:26:25.624 [JavaFX Application Thread] DEBUG AppStateMachine      - MainMenuState <- DialogSubState
14:26:25.624 [JavaFX Application Thread] WARN  IOTask               - Task failed: loadFileNamesTask(./profiles/Admin/saves/, true, [FileExtension(extension=.sav)]) Error: java.io.FileNotFoundException: No save files found
14:26:56.739 [JavaFX Application Thread] DEBUG FXGL.Menu            - fireExit()
14:26:56.739 [JavaFX Application Thread] DEBUG AssetLoader          - Loading from cache: /assets/properties/languages/english.properties
14:26:56.740 [JavaFX Application Thread] DEBUG AssetLoader          - Loading from cache: /assets/properties/languages/english.properties
14:26:56.741 [JavaFX Application Thread] DEBUG AssetLoader          - Loading from cache: /assets/properties/languages/english.properties
14:26:56.743 [JavaFX Application Thread] DEBUG AppStateMachine      - Push state: DialogSubState
14:26:56.743 [JavaFX Application Thread] DEBUG Input                - Clearing active input actions
14:26:56.743 [JavaFX Application Thread] DEBUG AppStateMachine      - MainMenuState -> DialogSubState
14:26:57.998 [JavaFX Application Thread] DEBUG AppStateMachine      - Pop state: DialogSubState
14:26:57.998 [JavaFX Application Thread] DEBUG Input                - Clearing active input actions
14:26:57.999 [JavaFX Application Thread] DEBUG AppStateMachine      - MainMenuState <- DialogSubState
14:26:58.000 [JavaFX Application Thread] DEBUG GameApplication      - Exiting game application
14:26:58.003 [JavaFX Application Thread] DEBUG MenuEventHandler     - Creating default profile
14:26:58.003 [JavaFX Application Thread] DEBUG EventBus             - Firing event: SaveEvent
14:26:58.004 [JavaFX Application Thread] DEBUG AudioPlayer          - Saving data to profile
14:26:58.004 [JavaFX Application Thread] DEBUG Bundle               - Logging bundle: audio
14:26:58.004 [JavaFX Application Thread] DEBUG Bundle               - audio.musicVolume=0.5
14:26:58.004 [JavaFX Application Thread] DEBUG Bundle               - audio.soundVolume=0.5
14:26:58.005 [JavaFX Application Thread] DEBUG Input                - Saving data to profile
14:26:58.005 [JavaFX Application Thread] DEBUG Bundle               - Logging bundle: input
14:26:58.005 [JavaFX Application Thread] DEBUG Bundle               - input.Fly=Up
14:26:58.005 [JavaFX Application Thread] DEBUG Bundle               - input.Right=Right
14:26:58.005 [JavaFX Application Thread] DEBUG Bundle               - input.Fireball=Space
14:26:58.005 [JavaFX Application Thread] DEBUG Bundle               - input.Fireblast=D
14:26:58.006 [JavaFX Application Thread] DEBUG Bundle               - input.Screenshot=P
14:26:58.006 [JavaFX Application Thread] DEBUG Bundle               - input.Restart=CTRL+R
14:26:58.006 [JavaFX Application Thread] DEBUG Bundle               - input.Dev Options=CTRL+0
14:26:58.006 [JavaFX Application Thread] DEBUG Bundle               - input.Cheat=Backspace
14:26:58.006 [JavaFX Application Thread] DEBUG Bundle               - input.Descend=Down
14:26:58.006 [JavaFX Application Thread] DEBUG Bundle               - input.Left=Left
14:26:58.006 [JavaFX Application Thread] DEBUG Bundle               - input.Supernova=A
14:26:58.007 [JavaFX Application Thread] DEBUG Bundle               - input.Flamestrike=S
14:26:58.007 [JavaFX Application Thread] DEBUG Bundle               - Logging bundle: gameplayStats
14:26:58.007 [JavaFX Application Thread] DEBUG Bundle               - gameplayStats.playtime=6960478217503
14:26:58.007 [JavaFX Application Thread] DEBUG AchievementManager   - Saving data to profile
14:26:58.007 [JavaFX Application Thread] DEBUG Bundle               - Logging bundle: achievement
14:26:58.007 [JavaFX Application Thread] DEBUG FXGL.SaveLoadManager - Saving profile: Admin
14:26:58.012 [JavaFX Application Thread] DEBUG IOTask               - Executing task: writeDataTask(./profiles/Admin/user.profile)
14:26:58.013 [JavaFX Application Thread] DEBUG IOTask               - Executing task: writeDataTask(./profiles/Admin/user.profile)
14:26:58.021 [JavaFX Application Thread] DEBUG FS                   - Writing to: .\profiles\Admin\user.profile
14:26:58.035 [JavaFX Application Thread] DEBUG IOTask               - Executing task: checkSavesDir(./profiles/Admin/saves/)
14:26:58.035 [JavaFX Application Thread] DEBUG IOTask               - Task succeeded: writeDataTask(./profiles/Admin/user.profile)
14:26:58.036 [JavaFX Application Thread] DEBUG GameApplication      - Shutting down background threads
14:26:58.036 [JavaFX Application Thread] DEBUG GameApplication      - Exiting FXGL
14:26:58.036 [JavaFX Application Thread] DEBUG FXGL                 - Saving FXGL system data
14:26:58.037 [JavaFX Application Thread] DEBUG IOTask               - Executing task: writeDataTask(system/fxgl.bundle)
14:26:58.039 [JavaFX Application Thread] DEBUG FS                   - Writing to: system\fxgl.bundle
14:26:58.044 [JavaFX Application Thread] DEBUG IOTask               - Task succeeded: writeDataTask(system/fxgl.bundle)
14:26:58.045 [JavaFX Application Thread] DEBUG GameApplication      - Closing logger and exiting JavaFX
