17:11:55.669 [JavaFX Application Thread] DEBUG GameApplication      - Logger initialized
17:11:55.679 [JavaFX Application Thread] DEBUG MainWindow           - Creating a JavaFX scene
17:11:55.846 [JavaFX Application Thread] DEBUG MainWindow           - Target settings size: 1280.0 x 770.0
17:11:55.846 [JavaFX Application Thread] DEBUG MainWindow           - Scaled scene size:    1280.0 x 770.0
17:11:55.846 [JavaFX Application Thread] DEBUG MainWindow           - Scaled ratio: (1.0, 1.0)
17:11:55.999 [JavaFX Application Thread] DEBUG GameApplication      - Starting FXGL
17:11:56.060 [FXGL Launcher Thread     ] INFO  Version              - FXGL-0.4.3
17:11:56.060 [FXGL Launcher Thread     ] INFO  Version              - Source code and latest versions at: https://github.com/AlmasB/FXGL
17:11:56.060 [FXGL Launcher Thread     ] INFO  Version              -              Join the FXGL chat at: https://gitter.im/AlmasB/FXGL
17:11:56.062 [FXGL Launcher Thread     ] DEBUG FXGL                 - Loading FXGL system data
17:11:56.070 [FXGL Launcher Thread     ] DEBUG IOTask               - Executing task: readDataTask(system/fxgl.bundle)
17:11:56.080 [FXGL Launcher Thread     ] DEBUG FS                   - Reading from: system\fxgl.bundle
17:11:56.092 [FXGL Launcher Thread     ] DEBUG IOTask               - Task succeeded: readDataTask(system/fxgl.bundle)
17:11:56.093 [FXGL Launcher Thread     ] DEBUG Bundle               - Logging bundle: FXGL
17:11:56.094 [FXGL Launcher Thread     ] DEBUG Bundle               - FXGL.offline.timer.version.check=2018-04-11T14:17:46.107913800
17:11:56.141 [FXGL Launcher Thread     ] DEBUG GameApplication      - FXGL started
17:11:56.142 [FXGL Launcher Thread     ] DEBUG GameApplication      - Logging game settings
Title: Pacman Super
Version: 0.0.3
Width: 1280
Height: 770
Fullscreen: false
Intro: false
Menus: true
Profiling: false
Single step:false
App Mode: DEVELOPER
Menu Key: ESCAPE
Stage Style: DECORATED
Scene Factory: class pacmansuper.game.GameMain$GameMenu
Dialog Factory: class com.almasb.fxgl.ui.FXGLDialogFactory
UI Factory: class com.almasb.fxgl.ui.FXGLUIFactory
Notification Service: class com.almasb.fxgl.gameplay.notification.XboxNotificationView
Exception Handler: class com.almasb.fxgl.app.FXGLExceptionHandler
17:11:56.143 [FXGL Launcher Thread     ] DEBUG GameApplication      - Configuring GameApplication
17:11:56.143 [FXGL Launcher Thread     ] DEBUG GameApplication      - Initializing state machine and application states
17:11:56.154 [FXGL Launcher Thread     ] DEBUG AssetLoader          - Loading from disk: /assets/ui/cursors/fxgl_default.png
17:11:56.178 [FXGL Launcher Thread     ] DEBUG AssetLoader          - Loading from disk: /assets/ui/cursors/fxgl_default.png
17:11:56.180 [FXGL Launcher Thread     ] DEBUG AssetLoader          - Loading from disk: /assets/ui/cursors/fxgl_default.png
17:11:56.192 [FXGL Launcher Thread     ] DEBUG AssetLoader          - Loading from disk: /assets/sounds/core/notification.wav
17:11:56.427 [FXGL Launcher Thread     ] DEBUG AssetLoader          - Loading from disk: /assets/sounds/menu/select.wav
17:11:56.429 [FXGL Launcher Thread     ] DEBUG AssetLoader          - Loading from disk: /assets/sounds/menu/back.wav
17:11:56.433 [FXGL Launcher Thread     ] DEBUG AssetLoader          - Loading from disk: /assets/sounds/menu/press.wav
17:11:56.436 [FXGL Launcher Thread     ] DEBUG AssetLoader          - Loading from disk: /assets/ui/fonts/VarelaRound-Regular.ttf
17:11:56.660 [FXGL Launcher Thread     ] DEBUG AssetLoader          - Loading from disk: /assets/ui/fonts/lucida_console.ttf
17:11:56.668 [FXGL Launcher Thread     ] DEBUG AssetLoader          - Loading from disk: /assets/ui/css/fxgl_dark.css
17:11:56.669 [FXGL Launcher Thread     ] DEBUG AssetLoader          - Loading from disk: /assets/ui/icons/fxgl_icon.png
17:11:56.690 [FXGL Launcher Thread     ] DEBUG AssetLoader          - Loading from disk: /assets/ui/cursors/fxgl_default.png
17:11:56.713 [FXGL Launcher Thread     ] DEBUG FXGL.GameScene       - Game scene initialized: 1280x770
17:11:56.720 [FXGL Launcher Thread     ] DEBUG FXGL.GameWorld       - Game world initialized
17:11:56.794 [FXGL Launcher Thread     ] DEBUG PhysicsWorld         - Physics world initialized: appHeight=770, physics.ppm=50.0
17:11:56.815 [FXGL Launcher Thread     ] DEBUG AssetLoader          - Loading from disk: /assets/ui/cursors/fxgl_default.png
17:11:56.817 [FXGL Launcher Thread     ] DEBUG AssetLoader          - Loading from disk: /assets/textures/MenuBackground.png
17:11:56.850 [FXGL Launcher Thread     ] DEBUG FXGL.Menu            - createMenuBodyMainMenu()
17:11:56.858 [FXGL Launcher Thread     ] DEBUG AssetLoader          - Loading from disk: /assets/properties/languages/english.properties
17:11:56.866 [FXGL Launcher Thread     ] DEBUG AssetLoader          - Loading from cache: /assets/properties/languages/english.properties
17:11:56.868 [FXGL Launcher Thread     ] DEBUG AssetLoader          - Loading from cache: /assets/properties/languages/english.properties
17:11:56.869 [FXGL Launcher Thread     ] DEBUG AssetLoader          - Loading from cache: /assets/properties/languages/english.properties
17:11:56.870 [FXGL Launcher Thread     ] DEBUG FXGL.Menu            - createOptionsMenu()
17:11:56.870 [FXGL Launcher Thread     ] DEBUG AssetLoader          - Loading from cache: /assets/properties/languages/english.properties
17:11:56.875 [FXGL Launcher Thread     ] DEBUG AssetLoader          - Loading from cache: /assets/properties/languages/english.properties
17:11:56.876 [FXGL Launcher Thread     ] DEBUG AssetLoader          - Loading from cache: /assets/properties/languages/english.properties
17:11:56.878 [FXGL Launcher Thread     ] DEBUG AssetLoader          - Loading from cache: /assets/properties/languages/english.properties
17:11:56.880 [FXGL Launcher Thread     ] DEBUG AssetLoader          - Loading from disk: /assets/ui/cursors/fxgl_default.png
17:11:56.882 [FXGL Launcher Thread     ] DEBUG AssetLoader          - Loading from cache: /assets/textures/MenuBackground.png
17:11:56.882 [FXGL Launcher Thread     ] DEBUG FXGL.Menu            - createMenuBodyGameMenu()
17:11:56.883 [FXGL Launcher Thread     ] DEBUG AssetLoader          - Loading from cache: /assets/properties/languages/english.properties
17:11:56.883 [FXGL Launcher Thread     ] DEBUG AssetLoader          - Loading from cache: /assets/properties/languages/english.properties
17:11:56.884 [FXGL Launcher Thread     ] DEBUG AssetLoader          - Loading from cache: /assets/properties/languages/english.properties
17:11:56.885 [FXGL Launcher Thread     ] DEBUG AssetLoader          - Loading from cache: /assets/properties/languages/english.properties
17:11:56.885 [FXGL Launcher Thread     ] DEBUG FXGL.Menu            - createOptionsMenu()
17:11:56.885 [FXGL Launcher Thread     ] DEBUG AssetLoader          - Loading from cache: /assets/properties/languages/english.properties
17:11:56.885 [FXGL Launcher Thread     ] DEBUG AssetLoader          - Loading from cache: /assets/properties/languages/english.properties
17:11:56.886 [FXGL Launcher Thread     ] DEBUG AssetLoader          - Loading from cache: /assets/properties/languages/english.properties
17:11:56.886 [FXGL Launcher Thread     ] DEBUG AssetLoader          - Loading from cache: /assets/properties/languages/english.properties
17:11:56.896 [FXGL Launcher Thread     ] INFO  GameApplication      - Game configuration took:  0.753 sec
17:11:56.899 [JavaFX Application Thread] DEBUG MainWindow           - Opening main window
17:11:57.020 [JavaFX Application Thread] DEBUG MainWindow           - Window border size: (4.800048828125, 23.5999755859375)
17:11:57.020 [JavaFX Application Thread] DEBUG MainWindow           - Scaled size: 1280.0 x 770.0
17:11:57.020 [JavaFX Application Thread] DEBUG MainWindow           - Scaled ratio: (1.0, 1.0)
17:11:57.020 [JavaFX Application Thread] DEBUG MainWindow           - Scene size: 1280.0 x 770.4000244140625
17:11:57.020 [JavaFX Application Thread] DEBUG MainWindow           - Stage size: 1284.800048828125 x 793.5999755859375
17:11:57.020 [JavaFX Application Thread] DEBUG GameApplication      - Running preInit()
17:11:57.024 [JavaFX Application Thread] DEBUG AnnotationParser     - Main app package name: pacmansuper.game
17:11:57.298 [JavaFX Application Thread] DEBUG AnnotationParser     - @SetAchievementStore: []
17:11:57.316 [JavaFX Application Thread] DEBUG Input                - Registered new binding: Screenshot - P
17:11:57.316 [JavaFX Application Thread] DEBUG Input                - Registered new binding: Dev Options - CTRL+0
17:11:57.317 [JavaFX Application Thread] DEBUG Input                - Registered new binding: Restart - CTRL+R
17:11:57.317 [JavaFX Application Thread] DEBUG Input                - Registered new binding: Right - Right
17:11:57.317 [JavaFX Application Thread] DEBUG Input                - Registered new binding: Left - Left
17:11:57.317 [JavaFX Application Thread] DEBUG Input                - Registered new binding: Fly - Up
17:11:57.317 [JavaFX Application Thread] DEBUG Input                - Registered new binding: Descend - Down
17:11:57.318 [JavaFX Application Thread] DEBUG Input                - Registered new binding: Cheat - Backspace
17:11:57.318 [JavaFX Application Thread] DEBUG Input                - Registered new binding: Fireball - Space
17:11:57.318 [JavaFX Application Thread] DEBUG Input                - Registered new binding: Fireblast - D
17:11:57.318 [JavaFX Application Thread] DEBUG Input                - Registered new binding: Flamestrike - S
17:11:57.318 [JavaFX Application Thread] DEBUG Input                - Registered new binding: Supernova - A
17:11:57.320 [JavaFX Application Thread] DEBUG MenuEventHandler     - generateDefaultProfile()
17:11:57.320 [JavaFX Application Thread] DEBUG MenuEventHandler     - Creating default profile
17:11:57.320 [JavaFX Application Thread] DEBUG EventBus             - Firing event: SaveEvent
17:11:57.323 [JavaFX Application Thread] DEBUG AudioPlayer          - Saving data to profile
17:11:57.323 [JavaFX Application Thread] DEBUG Bundle               - Logging bundle: audio
17:11:57.323 [JavaFX Application Thread] DEBUG Bundle               - audio.musicVolume=0.5
17:11:57.323 [JavaFX Application Thread] DEBUG Bundle               - audio.soundVolume=0.5
17:11:57.323 [JavaFX Application Thread] DEBUG Input                - Saving data to profile
17:11:57.323 [JavaFX Application Thread] DEBUG Bundle               - Logging bundle: input
17:11:57.323 [JavaFX Application Thread] DEBUG Bundle               - input.Fly=Up
17:11:57.323 [JavaFX Application Thread] DEBUG Bundle               - input.Right=Right
17:11:57.323 [JavaFX Application Thread] DEBUG Bundle               - input.Fireball=Space
17:11:57.323 [JavaFX Application Thread] DEBUG Bundle               - input.Fireblast=D
17:11:57.324 [JavaFX Application Thread] DEBUG Bundle               - input.Screenshot=P
17:11:57.324 [JavaFX Application Thread] DEBUG Bundle               - input.Restart=CTRL+R
17:11:57.324 [JavaFX Application Thread] DEBUG Bundle               - input.Dev Options=CTRL+0
17:11:57.324 [JavaFX Application Thread] DEBUG Bundle               - input.Cheat=Backspace
17:11:57.324 [JavaFX Application Thread] DEBUG Bundle               - input.Descend=Down
17:11:57.324 [JavaFX Application Thread] DEBUG Bundle               - input.Left=Left
17:11:57.324 [JavaFX Application Thread] DEBUG Bundle               - input.Supernova=A
17:11:57.324 [JavaFX Application Thread] DEBUG Bundle               - input.Flamestrike=S
17:11:57.327 [JavaFX Application Thread] DEBUG Bundle               - Logging bundle: gameplayStats
17:11:57.328 [JavaFX Application Thread] DEBUG Bundle               - gameplayStats.playtime=0
17:11:57.329 [JavaFX Application Thread] DEBUG AchievementManager   - Saving data to profile
17:11:57.329 [JavaFX Application Thread] DEBUG Bundle               - Logging bundle: achievement
17:11:57.382 [JavaFX Application Thread] DEBUG GameApplication      - Starting main loop
17:11:57.387 [JavaFX Application Thread] DEBUG StartupState         - STARTUP
17:11:57.387 [JavaFX Application Thread] DEBUG Input                - Clearing active input actions
17:11:57.418 [JavaFX Application Thread] DEBUG AppStateMachine      - StartupState -> MainMenuState
17:11:57.427 [JavaFX Application Thread] DEBUG FXGL.SaveLoadManager - Checking profiles dir: profiles/
17:11:57.428 [JavaFX Application Thread] DEBUG FXGL.SaveLoadManager - Loading profile names
17:11:57.435 [JavaFX Application Thread] DEBUG IOTask               - Showing dialog
17:11:57.442 [JavaFX Application Thread] DEBUG AppStateMachine      - Push state: DialogSubState
17:11:57.442 [JavaFX Application Thread] DEBUG Input                - Clearing active input actions
17:11:57.442 [JavaFX Application Thread] DEBUG AppStateMachine      - MainMenuState -> DialogSubState
17:11:57.500 [FXGL Background Thread 1 ] DEBUG IOTask               - Executing task: loadDirectoryNamesTask(./profiles/, false)
17:11:57.552 [JavaFX Application Thread] DEBUG IOTask               - succeed(): Dismissing dialog
17:11:57.552 [JavaFX Application Thread] DEBUG AppStateMachine      - Pop state: DialogSubState
17:11:57.552 [JavaFX Application Thread] DEBUG Input                - Clearing active input actions
17:11:57.553 [JavaFX Application Thread] DEBUG AppStateMachine      - MainMenuState <- DialogSubState
17:11:57.553 [JavaFX Application Thread] DEBUG IOTask               - Task succeeded: loadDirectoryNamesTask(./profiles/, false)
17:11:57.558 [JavaFX Application Thread] DEBUG AppStateMachine      - Push state: DialogSubState
17:11:57.558 [JavaFX Application Thread] DEBUG Input                - Clearing active input actions
17:11:57.558 [JavaFX Application Thread] DEBUG AppStateMachine      - MainMenuState -> DialogSubState
17:11:58.950 [JavaFX Application Thread] DEBUG AppStateMachine      - Pop state: DialogSubState
17:11:58.950 [JavaFX Application Thread] DEBUG Input                - Clearing active input actions
17:11:58.951 [JavaFX Application Thread] DEBUG AppStateMachine      - MainMenuState <- DialogSubState
17:11:58.951 [JavaFX Application Thread] DEBUG FXGL.SaveLoadManager - Loading profile: Admin
17:11:58.952 [JavaFX Application Thread] DEBUG IOTask               - Showing dialog
17:11:58.956 [JavaFX Application Thread] DEBUG AppStateMachine      - Push state: DialogSubState
17:11:58.957 [JavaFX Application Thread] DEBUG Input                - Clearing active input actions
17:11:58.957 [JavaFX Application Thread] DEBUG AppStateMachine      - MainMenuState -> DialogSubState
17:11:58.965 [FXGL Background Thread 1 ] DEBUG IOTask               - Executing task: readDataTask(./profiles/Admin/user.profile)
17:11:58.969 [FXGL Background Thread 1 ] DEBUG FS                   - Reading from: .\profiles\Admin\user.profile
17:11:58.981 [JavaFX Application Thread] DEBUG IOTask               - succeed(): Dismissing dialog
17:11:58.981 [JavaFX Application Thread] DEBUG AppStateMachine      - Pop state: DialogSubState
17:11:58.981 [JavaFX Application Thread] DEBUG Input                - Clearing active input actions
17:11:58.998 [JavaFX Application Thread] DEBUG AppStateMachine      - MainMenuState <- DialogSubState
17:11:58.999 [JavaFX Application Thread] DEBUG IOTask               - Task succeeded: readDataTask(./profiles/Admin/user.profile)
17:11:58.999 [JavaFX Application Thread] DEBUG EventBus             - Firing event: LoadEvent[type=LOAD_PROFILE]
17:11:58.999 [JavaFX Application Thread] DEBUG AudioPlayer          - Loading data from profile
17:11:59.000 [JavaFX Application Thread] DEBUG Bundle               - Logging bundle: audio
17:11:59.000 [JavaFX Application Thread] DEBUG Bundle               - audio.musicVolume=0.5
17:11:59.000 [JavaFX Application Thread] DEBUG Bundle               - audio.soundVolume=0.5
17:11:59.000 [JavaFX Application Thread] DEBUG Input                - Loading data from profile
17:11:59.000 [JavaFX Application Thread] DEBUG Bundle               - Logging bundle: input
17:11:59.000 [JavaFX Application Thread] DEBUG Bundle               - input.Fly=Up
17:11:59.000 [JavaFX Application Thread] DEBUG Bundle               - input.Right=Right
17:11:59.000 [JavaFX Application Thread] DEBUG Bundle               - input.Fireball=Space
17:11:59.001 [JavaFX Application Thread] DEBUG Bundle               - input.Restart=CTRL+R
17:11:59.001 [JavaFX Application Thread] DEBUG Bundle               - input.Dev Options=CTRL+0
17:11:59.001 [JavaFX Application Thread] DEBUG Bundle               - input.Cheat=Backspace
17:11:59.001 [JavaFX Application Thread] DEBUG Bundle               - input.Descend=Down
17:11:59.001 [JavaFX Application Thread] DEBUG Bundle               - input.Left=Left
17:11:59.001 [JavaFX Application Thread] DEBUG Bundle               - input.Supernova=A
17:11:59.001 [JavaFX Application Thread] DEBUG Bundle               - input.Fireblast=D
17:11:59.001 [JavaFX Application Thread] DEBUG Bundle               - input.Screenshot=P
17:11:59.001 [JavaFX Application Thread] DEBUG Bundle               - input.Flamestrike=S
17:11:59.002 [JavaFX Application Thread] DEBUG Bundle               - Logging bundle: gameplayStats
17:11:59.002 [JavaFX Application Thread] DEBUG Bundle               - gameplayStats.playtime=7458987816717
17:11:59.002 [JavaFX Application Thread] DEBUG AchievementManager   - Loading data from profile
17:11:59.002 [JavaFX Application Thread] DEBUG Bundle               - Logging bundle: achievement
17:11:59.003 [JavaFX Application Thread] DEBUG FXGL.SaveLoadManager - Loading last modified save file
17:11:59.003 [JavaFX Application Thread] DEBUG FXGL.SaveLoadManager - Loading save files
17:11:59.008 [JavaFX Application Thread] DEBUG IOTask               - Showing dialog
17:11:59.009 [JavaFX Application Thread] DEBUG AppStateMachine      - Push state: DialogSubState
17:11:59.009 [JavaFX Application Thread] DEBUG Input                - Clearing active input actions
17:11:59.009 [JavaFX Application Thread] DEBUG AppStateMachine      - MainMenuState -> DialogSubState
17:11:59.010 [FXGL Background Thread 1 ] DEBUG IOTask               - Executing task: loadFileNamesTask(./profiles/Admin/saves/, true, [FileExtension(extension=.sav)])
17:11:59.010 [FXGL Background Thread 1 ] DEBUG IOTask               - Executing task: loadFileNamesTask(./profiles/Admin/saves/, true, [FileExtension(extension=.sav)])
17:11:59.010 [FXGL Background Thread 1 ] DEBUG IOTask               - Executing task: loadFileNamesTask(./profiles/Admin/saves/, true, [FileExtension(extension=.sav)])
17:11:59.021 [FXGL Background Thread 1 ] DEBUG IOTask               - Executing task: readSaveFiles
17:11:59.023 [FXGL Background Thread 1 ] DEBUG IOTask               - Executing task: findLastSave
17:11:59.023 [JavaFX Application Thread] DEBUG IOTask               - fail(): Dismissing dialog
17:11:59.023 [JavaFX Application Thread] DEBUG AppStateMachine      - Pop state: DialogSubState
17:11:59.024 [JavaFX Application Thread] DEBUG Input                - Clearing active input actions
17:11:59.025 [JavaFX Application Thread] DEBUG AppStateMachine      - MainMenuState <- DialogSubState
17:11:59.025 [JavaFX Application Thread] WARN  IOTask               - Task failed: loadFileNamesTask(./profiles/Admin/saves/, true, [FileExtension(extension=.sav)]) Error: java.io.FileNotFoundException: No save files found
17:12:01.871 [JavaFX Application Thread] DEBUG GameApplication      - Exiting game application
17:12:01.873 [JavaFX Application Thread] DEBUG MenuEventHandler     - Creating default profile
17:12:01.873 [JavaFX Application Thread] DEBUG EventBus             - Firing event: SaveEvent
17:12:01.874 [JavaFX Application Thread] DEBUG AudioPlayer          - Saving data to profile
17:12:01.874 [JavaFX Application Thread] DEBUG Bundle               - Logging bundle: audio
17:12:01.874 [JavaFX Application Thread] DEBUG Bundle               - audio.musicVolume=0.5
17:12:01.874 [JavaFX Application Thread] DEBUG Bundle               - audio.soundVolume=0.5
17:12:01.874 [JavaFX Application Thread] DEBUG Input                - Saving data to profile
17:12:01.875 [JavaFX Application Thread] DEBUG Bundle               - Logging bundle: input
17:12:01.875 [JavaFX Application Thread] DEBUG Bundle               - input.Fly=Up
17:12:01.875 [JavaFX Application Thread] DEBUG Bundle               - input.Right=Right
17:12:01.875 [JavaFX Application Thread] DEBUG Bundle               - input.Fireball=Space
17:12:01.875 [JavaFX Application Thread] DEBUG Bundle               - input.Fireblast=D
17:12:01.876 [JavaFX Application Thread] DEBUG Bundle               - input.Screenshot=P
17:12:01.876 [JavaFX Application Thread] DEBUG Bundle               - input.Restart=CTRL+R
17:12:01.876 [JavaFX Application Thread] DEBUG Bundle               - input.Dev Options=CTRL+0
17:12:01.876 [JavaFX Application Thread] DEBUG Bundle               - input.Cheat=Backspace
17:12:01.876 [JavaFX Application Thread] DEBUG Bundle               - input.Descend=Down
17:12:01.876 [JavaFX Application Thread] DEBUG Bundle               - input.Left=Left
17:12:01.876 [JavaFX Application Thread] DEBUG Bundle               - input.Supernova=A
17:12:01.877 [JavaFX Application Thread] DEBUG Bundle               - input.Flamestrike=S
17:12:01.877 [JavaFX Application Thread] DEBUG Bundle               - Logging bundle: gameplayStats
17:12:01.877 [JavaFX Application Thread] DEBUG Bundle               - gameplayStats.playtime=7458987816717
17:12:01.877 [JavaFX Application Thread] DEBUG AchievementManager   - Saving data to profile
17:12:01.877 [JavaFX Application Thread] DEBUG Bundle               - Logging bundle: achievement
17:12:01.877 [JavaFX Application Thread] DEBUG FXGL.SaveLoadManager - Saving profile: Admin
17:12:01.880 [JavaFX Application Thread] DEBUG IOTask               - Executing task: writeDataTask(./profiles/Admin/user.profile)
17:12:01.880 [JavaFX Application Thread] DEBUG IOTask               - Executing task: writeDataTask(./profiles/Admin/user.profile)
17:12:01.884 [JavaFX Application Thread] DEBUG FS                   - Writing to: .\profiles\Admin\user.profile
17:12:01.888 [JavaFX Application Thread] DEBUG IOTask               - Executing task: checkSavesDir(./profiles/Admin/saves/)
17:12:01.889 [JavaFX Application Thread] DEBUG IOTask               - Task succeeded: writeDataTask(./profiles/Admin/user.profile)
17:12:01.889 [JavaFX Application Thread] DEBUG GameApplication      - Shutting down background threads
17:12:01.889 [JavaFX Application Thread] DEBUG GameApplication      - Exiting FXGL
17:12:01.889 [JavaFX Application Thread] DEBUG FXGL                 - Saving FXGL system data
17:12:01.890 [JavaFX Application Thread] DEBUG IOTask               - Executing task: writeDataTask(system/fxgl.bundle)
17:12:01.891 [JavaFX Application Thread] DEBUG FS                   - Writing to: system\fxgl.bundle
17:12:01.895 [JavaFX Application Thread] DEBUG IOTask               - Task succeeded: writeDataTask(system/fxgl.bundle)
17:12:01.895 [JavaFX Application Thread] DEBUG GameApplication      - Closing logger and exiting JavaFX
