16:11:20.962 [JavaFX Application Thread] DEBUG GameApplication      - Logger initialized
16:11:20.974 [JavaFX Application Thread] DEBUG MainWindow           - Creating a JavaFX scene
16:11:21.156 [JavaFX Application Thread] DEBUG MainWindow           - Target settings size: 1280.0 x 770.0
16:11:21.156 [JavaFX Application Thread] DEBUG MainWindow           - Scaled scene size:    1280.0 x 770.0
16:11:21.157 [JavaFX Application Thread] DEBUG MainWindow           - Scaled ratio: (1.0, 1.0)
16:11:21.328 [JavaFX Application Thread] DEBUG GameApplication      - Starting FXGL
16:11:21.387 [FXGL Launcher Thread     ] INFO  Version              - FXGL-0.4.3
16:11:21.388 [FXGL Launcher Thread     ] INFO  Version              - Source code and latest versions at: https://github.com/AlmasB/FXGL
16:11:21.388 [FXGL Launcher Thread     ] INFO  Version              -              Join the FXGL chat at: https://gitter.im/AlmasB/FXGL
16:11:21.389 [FXGL Launcher Thread     ] DEBUG FXGL                 - Loading FXGL system data
16:11:21.396 [FXGL Launcher Thread     ] DEBUG IOTask               - Executing task: readDataTask(system/fxgl.bundle)
16:11:21.423 [FXGL Launcher Thread     ] DEBUG FS                   - Reading from: system\fxgl.bundle
16:11:21.440 [FXGL Launcher Thread     ] DEBUG IOTask               - Task succeeded: readDataTask(system/fxgl.bundle)
16:11:21.440 [FXGL Launcher Thread     ] DEBUG Bundle               - Logging bundle: FXGL
16:11:21.441 [FXGL Launcher Thread     ] DEBUG Bundle               - FXGL.offline.timer.version.check=2018-04-11T14:17:46.107913800
16:11:21.489 [FXGL Launcher Thread     ] DEBUG GameApplication      - FXGL started
16:11:21.490 [FXGL Launcher Thread     ] DEBUG GameApplication      - Logging game settings
Title: Pacman Super
Version: 0.0.3
Width: 1280
Height: 770
Fullscreen: false
Intro: false
Menus: true
Profiling: false
Single step:false
App Mode: DEVELOPER
Menu Key: ESCAPE
Stage Style: DECORATED
Scene Factory: class pacmansuper.game.GameMain$GameMenu
Dialog Factory: class com.almasb.fxgl.ui.FXGLDialogFactory
UI Factory: class com.almasb.fxgl.ui.FXGLUIFactory
Notification Service: class com.almasb.fxgl.gameplay.notification.XboxNotificationView
Exception Handler: class com.almasb.fxgl.app.FXGLExceptionHandler
16:11:21.491 [FXGL Launcher Thread     ] DEBUG GameApplication      - Configuring GameApplication
16:11:21.491 [FXGL Launcher Thread     ] DEBUG GameApplication      - Initializing state machine and application states
16:11:21.503 [FXGL Launcher Thread     ] DEBUG AssetLoader          - Loading from disk: /assets/ui/cursors/fxgl_default.png
16:11:21.561 [FXGL Launcher Thread     ] DEBUG AssetLoader          - Loading from disk: /assets/ui/cursors/fxgl_default.png
16:11:21.569 [FXGL Launcher Thread     ] DEBUG AssetLoader          - Loading from disk: /assets/ui/cursors/fxgl_default.png
16:11:21.579 [FXGL Launcher Thread     ] DEBUG AssetLoader          - Loading from disk: /assets/sounds/core/notification.wav
16:11:21.612 [FXGL Launcher Thread     ] DEBUG AssetLoader          - Loading from disk: /assets/sounds/menu/select.wav
16:11:21.642 [FXGL Launcher Thread     ] DEBUG AssetLoader          - Loading from disk: /assets/sounds/menu/back.wav
16:11:21.648 [FXGL Launcher Thread     ] DEBUG AssetLoader          - Loading from disk: /assets/sounds/menu/press.wav
16:11:21.651 [FXGL Launcher Thread     ] DEBUG AssetLoader          - Loading from disk: /assets/ui/fonts/VarelaRound-Regular.ttf
16:11:22.133 [FXGL Launcher Thread     ] DEBUG AssetLoader          - Loading from disk: /assets/ui/fonts/lucida_console.ttf
16:11:22.142 [FXGL Launcher Thread     ] DEBUG AssetLoader          - Loading from disk: /assets/ui/css/fxgl_dark.css
16:11:22.143 [FXGL Launcher Thread     ] DEBUG AssetLoader          - Loading from disk: /assets/ui/icons/fxgl_icon.png
16:11:22.165 [FXGL Launcher Thread     ] DEBUG AssetLoader          - Loading from disk: /assets/ui/cursors/fxgl_default.png
16:11:22.184 [FXGL Launcher Thread     ] DEBUG FXGL.GameScene       - Game scene initialized: 1280x770
16:11:22.189 [FXGL Launcher Thread     ] DEBUG FXGL.GameWorld       - Game world initialized
16:11:22.254 [FXGL Launcher Thread     ] DEBUG PhysicsWorld         - Physics world initialized: appHeight=770, physics.ppm=50.0
16:11:22.272 [FXGL Launcher Thread     ] DEBUG AssetLoader          - Loading from disk: /assets/ui/cursors/fxgl_default.png
16:11:22.274 [FXGL Launcher Thread     ] DEBUG AssetLoader          - Loading from disk: /assets/textures/MenuBackground.png
16:11:22.304 [FXGL Launcher Thread     ] DEBUG FXGL.Menu            - createMenuBodyMainMenu()
16:11:22.311 [FXGL Launcher Thread     ] DEBUG AssetLoader          - Loading from disk: /assets/properties/languages/english.properties
16:11:22.317 [FXGL Launcher Thread     ] DEBUG AssetLoader          - Loading from cache: /assets/properties/languages/english.properties
16:11:22.318 [FXGL Launcher Thread     ] DEBUG AssetLoader          - Loading from cache: /assets/properties/languages/english.properties
16:11:22.320 [FXGL Launcher Thread     ] DEBUG AssetLoader          - Loading from cache: /assets/properties/languages/english.properties
16:11:22.321 [FXGL Launcher Thread     ] DEBUG FXGL.Menu            - createOptionsMenu()
16:11:22.321 [FXGL Launcher Thread     ] DEBUG AssetLoader          - Loading from cache: /assets/properties/languages/english.properties
16:11:22.324 [FXGL Launcher Thread     ] DEBUG AssetLoader          - Loading from cache: /assets/properties/languages/english.properties
16:11:22.325 [FXGL Launcher Thread     ] DEBUG AssetLoader          - Loading from cache: /assets/properties/languages/english.properties
16:11:22.335 [FXGL Launcher Thread     ] DEBUG AssetLoader          - Loading from cache: /assets/properties/languages/english.properties
16:11:22.341 [FXGL Launcher Thread     ] DEBUG AssetLoader          - Loading from disk: /assets/ui/cursors/fxgl_default.png
16:11:22.343 [FXGL Launcher Thread     ] DEBUG AssetLoader          - Loading from cache: /assets/textures/MenuBackground.png
16:11:22.343 [FXGL Launcher Thread     ] DEBUG FXGL.Menu            - createMenuBodyGameMenu()
16:11:22.344 [FXGL Launcher Thread     ] DEBUG AssetLoader          - Loading from cache: /assets/properties/languages/english.properties
16:11:22.344 [FXGL Launcher Thread     ] DEBUG AssetLoader          - Loading from cache: /assets/properties/languages/english.properties
16:11:22.345 [FXGL Launcher Thread     ] DEBUG AssetLoader          - Loading from cache: /assets/properties/languages/english.properties
16:11:22.346 [FXGL Launcher Thread     ] DEBUG AssetLoader          - Loading from cache: /assets/properties/languages/english.properties
16:11:22.347 [FXGL Launcher Thread     ] DEBUG FXGL.Menu            - createOptionsMenu()
16:11:22.347 [FXGL Launcher Thread     ] DEBUG AssetLoader          - Loading from cache: /assets/properties/languages/english.properties
16:11:22.347 [FXGL Launcher Thread     ] DEBUG AssetLoader          - Loading from cache: /assets/properties/languages/english.properties
16:11:22.348 [FXGL Launcher Thread     ] DEBUG AssetLoader          - Loading from cache: /assets/properties/languages/english.properties
16:11:22.348 [FXGL Launcher Thread     ] DEBUG AssetLoader          - Loading from cache: /assets/properties/languages/english.properties
16:11:22.357 [FXGL Launcher Thread     ] INFO  GameApplication      - Game configuration took:  0.866 sec
16:11:22.359 [JavaFX Application Thread] DEBUG MainWindow           - Opening main window
16:11:22.409 [JavaFX Application Thread] DEBUG MainWindow           - Window border size: (4.800048828125, 23.5999755859375)
16:11:22.409 [JavaFX Application Thread] DEBUG MainWindow           - Scaled size: 1280.0 x 770.0
16:11:22.409 [JavaFX Application Thread] DEBUG MainWindow           - Scaled ratio: (1.0, 1.0)
16:11:22.409 [JavaFX Application Thread] DEBUG MainWindow           - Scene size: 1280.0 x 770.4000244140625
16:11:22.410 [JavaFX Application Thread] DEBUG MainWindow           - Stage size: 1284.800048828125 x 793.5999755859375
16:11:22.410 [JavaFX Application Thread] DEBUG GameApplication      - Running preInit()
16:11:22.412 [JavaFX Application Thread] DEBUG AnnotationParser     - Main app package name: pacmansuper.game
16:11:22.649 [JavaFX Application Thread] DEBUG AnnotationParser     - @SetAchievementStore: []
16:11:22.668 [JavaFX Application Thread] DEBUG Input                - Registered new binding: Screenshot - P
16:11:22.669 [JavaFX Application Thread] DEBUG Input                - Registered new binding: Dev Options - CTRL+0
16:11:22.669 [JavaFX Application Thread] DEBUG Input                - Registered new binding: Restart - CTRL+R
16:11:22.669 [JavaFX Application Thread] DEBUG Input                - Registered new binding: Right - Right
16:11:22.669 [JavaFX Application Thread] DEBUG Input                - Registered new binding: Left - Left
16:11:22.670 [JavaFX Application Thread] DEBUG Input                - Registered new binding: Fly - Up
16:11:22.670 [JavaFX Application Thread] DEBUG Input                - Registered new binding: Descend - Down
16:11:22.670 [JavaFX Application Thread] DEBUG Input                - Registered new binding: Cheat - Backspace
16:11:22.670 [JavaFX Application Thread] DEBUG Input                - Registered new binding: Fireball - Space
16:11:22.670 [JavaFX Application Thread] DEBUG Input                - Registered new binding: Fireblast - D
16:11:22.670 [JavaFX Application Thread] DEBUG Input                - Registered new binding: Flamestrike - S
16:11:22.670 [JavaFX Application Thread] DEBUG Input                - Registered new binding: Supernova - A
16:11:22.671 [JavaFX Application Thread] DEBUG MenuEventHandler     - generateDefaultProfile()
16:11:22.672 [JavaFX Application Thread] DEBUG MenuEventHandler     - Creating default profile
16:11:22.672 [JavaFX Application Thread] DEBUG EventBus             - Firing event: SaveEvent
16:11:22.674 [JavaFX Application Thread] DEBUG AudioPlayer          - Saving data to profile
16:11:22.674 [JavaFX Application Thread] DEBUG Bundle               - Logging bundle: audio
16:11:22.674 [JavaFX Application Thread] DEBUG Bundle               - audio.musicVolume=0.5
16:11:22.674 [JavaFX Application Thread] DEBUG Bundle               - audio.soundVolume=0.5
16:11:22.674 [JavaFX Application Thread] DEBUG Input                - Saving data to profile
16:11:22.674 [JavaFX Application Thread] DEBUG Bundle               - Logging bundle: input
16:11:22.675 [JavaFX Application Thread] DEBUG Bundle               - input.Fly=Up
16:11:22.675 [JavaFX Application Thread] DEBUG Bundle               - input.Right=Right
16:11:22.675 [JavaFX Application Thread] DEBUG Bundle               - input.Fireball=Space
16:11:22.675 [JavaFX Application Thread] DEBUG Bundle               - input.Fireblast=D
16:11:22.675 [JavaFX Application Thread] DEBUG Bundle               - input.Screenshot=P
16:11:22.675 [JavaFX Application Thread] DEBUG Bundle               - input.Restart=CTRL+R
16:11:22.675 [JavaFX Application Thread] DEBUG Bundle               - input.Dev Options=CTRL+0
16:11:22.675 [JavaFX Application Thread] DEBUG Bundle               - input.Cheat=Backspace
16:11:22.675 [JavaFX Application Thread] DEBUG Bundle               - input.Descend=Down
16:11:22.675 [JavaFX Application Thread] DEBUG Bundle               - input.Left=Left
16:11:22.675 [JavaFX Application Thread] DEBUG Bundle               - input.Supernova=A
16:11:22.675 [JavaFX Application Thread] DEBUG Bundle               - input.Flamestrike=S
16:11:22.679 [JavaFX Application Thread] DEBUG Bundle               - Logging bundle: gameplayStats
16:11:22.679 [JavaFX Application Thread] DEBUG Bundle               - gameplayStats.playtime=0
16:11:22.680 [JavaFX Application Thread] DEBUG AchievementManager   - Saving data to profile
16:11:22.680 [JavaFX Application Thread] DEBUG Bundle               - Logging bundle: achievement
16:11:22.730 [JavaFX Application Thread] DEBUG GameApplication      - Starting main loop
16:11:22.734 [JavaFX Application Thread] DEBUG StartupState         - STARTUP
16:11:22.734 [JavaFX Application Thread] DEBUG Input                - Clearing active input actions
16:11:22.765 [JavaFX Application Thread] DEBUG AppStateMachine      - StartupState -> MainMenuState
16:11:22.773 [JavaFX Application Thread] DEBUG FXGL.SaveLoadManager - Checking profiles dir: profiles/
16:11:22.773 [JavaFX Application Thread] DEBUG FXGL.SaveLoadManager - Loading profile names
16:11:22.777 [JavaFX Application Thread] DEBUG IOTask               - Showing dialog
16:11:22.781 [JavaFX Application Thread] DEBUG AppStateMachine      - Push state: DialogSubState
16:11:22.781 [JavaFX Application Thread] DEBUG Input                - Clearing active input actions
16:11:22.781 [JavaFX Application Thread] DEBUG AppStateMachine      - MainMenuState -> DialogSubState
16:11:22.806 [FXGL Background Thread 1 ] DEBUG IOTask               - Executing task: loadDirectoryNamesTask(./profiles/, false)
16:11:22.885 [JavaFX Application Thread] DEBUG IOTask               - succeed(): Dismissing dialog
16:11:22.886 [JavaFX Application Thread] DEBUG AppStateMachine      - Pop state: DialogSubState
16:11:22.886 [JavaFX Application Thread] DEBUG Input                - Clearing active input actions
16:11:22.887 [JavaFX Application Thread] DEBUG AppStateMachine      - MainMenuState <- DialogSubState
16:11:22.887 [JavaFX Application Thread] DEBUG IOTask               - Task succeeded: loadDirectoryNamesTask(./profiles/, false)
16:11:22.893 [JavaFX Application Thread] DEBUG AppStateMachine      - Push state: DialogSubState
16:11:22.893 [JavaFX Application Thread] DEBUG Input                - Clearing active input actions
16:11:22.893 [JavaFX Application Thread] DEBUG AppStateMachine      - MainMenuState -> DialogSubState
16:11:24.699 [JavaFX Application Thread] DEBUG GameApplication      - Exiting game application
16:11:24.700 [JavaFX Application Thread] DEBUG GameApplication      - Shutting down background threads
16:11:24.700 [JavaFX Application Thread] DEBUG GameApplication      - Exiting FXGL
16:11:24.701 [JavaFX Application Thread] DEBUG FXGL                 - Saving FXGL system data
16:11:24.702 [JavaFX Application Thread] DEBUG IOTask               - Executing task: writeDataTask(system/fxgl.bundle)
16:11:24.705 [JavaFX Application Thread] DEBUG FS                   - Writing to: system\fxgl.bundle
16:11:24.710 [JavaFX Application Thread] DEBUG IOTask               - Task succeeded: writeDataTask(system/fxgl.bundle)
16:11:24.711 [JavaFX Application Thread] DEBUG GameApplication      - Closing logger and exiting JavaFX
